{"D:\\Demo_Day\\demo-day-projects-move\\server\\src\\index.ts": {"path":"D:\\Demo_Day\\demo-day-projects-move\\server\\src\\index.ts","all":false,"statementMap":{"0":{"start":{"line":1,"column":0},"end":{"line":1,"column":30}},"1":{"start":{"line":2,"column":0},"end":{"line":2,"column":28}},"2":{"start":{"line":3,"column":0},"end":{"line":3,"column":24}},"3":{"start":{"line":4,"column":0},"end":{"line":4,"column":33}},"4":{"start":{"line":5,"column":0},"end":{"line":5,"column":62}},"5":{"start":{"line":6,"column":0},"end":{"line":6,"column":56}},"6":{"start":{"line":7,"column":0},"end":{"line":7,"column":51}},"7":{"start":{"line":8,"column":0},"end":{"line":8,"column":0}},"8":{"start":{"line":9,"column":0},"end":{"line":9,"column":43}},"9":{"start":{"line":10,"column":0},"end":{"line":10,"column":41}},"10":{"start":{"line":11,"column":0},"end":{"line":11,"column":53}},"11":{"start":{"line":12,"column":0},"end":{"line":12,"column":52}},"12":{"start":{"line":13,"column":0},"end":{"line":13,"column":54}},"13":{"start":{"line":14,"column":0},"end":{"line":14,"column":51}},"14":{"start":{"line":15,"column":0},"end":{"line":15,"column":0}},"15":{"start":{"line":16,"column":0},"end":{"line":16,"column":22}},"16":{"start":{"line":17,"column":0},"end":{"line":17,"column":16}},"17":{"start":{"line":18,"column":0},"end":{"line":18,"column":0}},"18":{"start":{"line":19,"column":0},"end":{"line":19,"column":15}},"19":{"start":{"line":20,"column":0},"end":{"line":20,"column":42}},"20":{"start":{"line":21,"column":0},"end":{"line":21,"column":0}},"21":{"start":{"line":22,"column":0},"end":{"line":22,"column":21}},"22":{"start":{"line":23,"column":0},"end":{"line":23,"column":17}},"23":{"start":{"line":24,"column":0},"end":{"line":24,"column":25}},"24":{"start":{"line":25,"column":0},"end":{"line":25,"column":15}},"25":{"start":{"line":26,"column":0},"end":{"line":26,"column":44}},"26":{"start":{"line":27,"column":0},"end":{"line":27,"column":24}},"27":{"start":{"line":28,"column":0},"end":{"line":28,"column":117}},"28":{"start":{"line":29,"column":0},"end":{"line":29,"column":22}},"29":{"start":{"line":30,"column":0},"end":{"line":30,"column":38}},"30":{"start":{"line":31,"column":0},"end":{"line":31,"column":52}},"31":{"start":{"line":32,"column":0},"end":{"line":32,"column":14}},"32":{"start":{"line":33,"column":0},"end":{"line":33,"column":28}},"33":{"start":{"line":34,"column":0},"end":{"line":34,"column":10}},"34":{"start":{"line":35,"column":0},"end":{"line":35,"column":18}},"35":{"start":{"line":36,"column":0},"end":{"line":36,"column":13}},"36":{"start":{"line":37,"column":0},"end":{"line":37,"column":46}},"37":{"start":{"line":38,"column":0},"end":{"line":38,"column":36}},"38":{"start":{"line":39,"column":0},"end":{"line":39,"column":14}},"39":{"start":{"line":40,"column":0},"end":{"line":40,"column":13}},"40":{"start":{"line":41,"column":0},"end":{"line":41,"column":41}},"41":{"start":{"line":42,"column":0},"end":{"line":42,"column":39}},"42":{"start":{"line":43,"column":0},"end":{"line":43,"column":13}},"43":{"start":{"line":44,"column":0},"end":{"line":44,"column":10}},"44":{"start":{"line":45,"column":0},"end":{"line":45,"column":6}},"45":{"start":{"line":46,"column":0},"end":{"line":46,"column":30}},"46":{"start":{"line":47,"column":0},"end":{"line":47,"column":0}},"47":{"start":{"line":48,"column":0},"end":{"line":48,"column":1}},"48":{"start":{"line":49,"column":0},"end":{"line":49,"column":28}},"49":{"start":{"line":50,"column":0},"end":{"line":50,"column":14}},"50":{"start":{"line":51,"column":0},"end":{"line":51,"column":44}},"51":{"start":{"line":52,"column":0},"end":{"line":52,"column":9}},"52":{"start":{"line":53,"column":0},"end":{"line":53,"column":56}},"53":{"start":{"line":54,"column":0},"end":{"line":54,"column":89}},"54":{"start":{"line":55,"column":0},"end":{"line":55,"column":62}},"55":{"start":{"line":56,"column":0},"end":{"line":56,"column":132}},"56":{"start":{"line":57,"column":0},"end":{"line":57,"column":10}},"57":{"start":{"line":58,"column":0},"end":{"line":58,"column":9}},"58":{"start":{"line":59,"column":0},"end":{"line":59,"column":45}},"59":{"start":{"line":60,"column":0},"end":{"line":60,"column":54}},"60":{"start":{"line":61,"column":0},"end":{"line":61,"column":10}},"61":{"start":{"line":62,"column":0},"end":{"line":62,"column":9}},"62":{"start":{"line":63,"column":0},"end":{"line":63,"column":44}},"63":{"start":{"line":64,"column":0},"end":{"line":64,"column":54}},"64":{"start":{"line":65,"column":0},"end":{"line":65,"column":9}},"65":{"start":{"line":66,"column":0},"end":{"line":66,"column":6}},"66":{"start":{"line":67,"column":0},"end":{"line":67,"column":2}},"67":{"start":{"line":68,"column":0},"end":{"line":68,"column":0}},"68":{"start":{"line":69,"column":0},"end":{"line":69,"column":81}},"69":{"start":{"line":70,"column":0},"end":{"line":70,"column":0}},"70":{"start":{"line":71,"column":0},"end":{"line":71,"column":20}},"71":{"start":{"line":72,"column":0},"end":{"line":72,"column":16}},"72":{"start":{"line":73,"column":0},"end":{"line":73,"column":0}},"73":{"start":{"line":74,"column":0},"end":{"line":74,"column":31}},"74":{"start":{"line":75,"column":0},"end":{"line":75,"column":56}},"75":{"start":{"line":76,"column":0},"end":{"line":76,"column":22}},"76":{"start":{"line":77,"column":0},"end":{"line":77,"column":5}},"77":{"start":{"line":78,"column":0},"end":{"line":78,"column":0}},"78":{"start":{"line":79,"column":0},"end":{"line":79,"column":23}},"79":{"start":{"line":80,"column":0},"end":{"line":80,"column":49}},"80":{"start":{"line":81,"column":0},"end":{"line":81,"column":28}},"81":{"start":{"line":82,"column":0},"end":{"line":82,"column":30}},"82":{"start":{"line":83,"column":0},"end":{"line":83,"column":32}},"83":{"start":{"line":84,"column":0},"end":{"line":84,"column":35}},"84":{"start":{"line":85,"column":0},"end":{"line":85,"column":61}},"85":{"start":{"line":86,"column":0},"end":{"line":86,"column":2}},"86":{"start":{"line":87,"column":0},"end":{"line":87,"column":0}},"87":{"start":{"line":88,"column":0},"end":{"line":88,"column":19}}},"s":{"0":1,"1":1,"2":1,"3":1,"4":1,"5":1,"6":1,"7":1,"8":1,"9":1,"10":1,"11":1,"12":1,"13":1,"14":1,"15":1,"16":1,"17":1,"18":1,"19":1,"20":1,"21":1,"22":1,"23":1,"24":1,"25":1,"26":1,"27":1,"28":1,"29":1,"30":1,"31":1,"32":1,"33":1,"34":1,"35":1,"36":1,"37":1,"38":1,"39":1,"40":1,"41":1,"42":1,"43":1,"44":1,"45":1,"46":1,"47":1,"48":1,"49":1,"50":1,"51":1,"52":1,"53":1,"54":1,"55":1,"56":1,"57":1,"58":1,"59":1,"60":1,"61":1,"62":1,"63":1,"64":1,"65":1,"66":1,"67":1,"68":1,"69":1,"70":1,"71":1,"72":1,"73":1,"74":1,"75":1,"76":1,"77":1,"78":1,"79":1,"80":1,"81":1,"82":1,"83":1,"84":1,"85":1,"86":1,"87":1},"branchMap":{"0":{"type":"branch","line":20,"loc":{"start":{"line":20,"column":32},"end":{"line":20,"column":40}},"locations":[{"start":{"line":20,"column":32},"end":{"line":20,"column":40}}]},"1":{"type":"branch","line":49,"loc":{"start":{"line":49,"column":13},"end":{"line":67,"column":2}},"locations":[{"start":{"line":49,"column":13},"end":{"line":67,"column":2}}]},"2":{"type":"branch","line":84,"loc":{"start":{"line":84,"column":28},"end":{"line":86,"column":2}},"locations":[{"start":{"line":84,"column":28},"end":{"line":86,"column":2}}]}},"b":{"0":[0],"1":[1],"2":[1]},"fnMap":{},"f":{}}
,"D:\\Demo_Day\\demo-day-projects-move\\server\\src\\__test__\\datos.ts": {"path":"D:\\Demo_Day\\demo-day-projects-move\\server\\src\\__test__\\datos.ts","all":false,"statementMap":{"0":{"start":{"line":1,"column":0},"end":{"line":1,"column":24}},"1":{"start":{"line":2,"column":0},"end":{"line":2,"column":38}},"2":{"start":{"line":3,"column":0},"end":{"line":3,"column":29}},"3":{"start":{"line":4,"column":0},"end":{"line":4,"column":20}},"4":{"start":{"line":5,"column":0},"end":{"line":5,"column":23}},"5":{"start":{"line":6,"column":0},"end":{"line":6,"column":22}},"6":{"start":{"line":7,"column":0},"end":{"line":7,"column":18}},"7":{"start":{"line":8,"column":0},"end":{"line":8,"column":9}},"8":{"start":{"line":9,"column":0},"end":{"line":9,"column":119}},"9":{"start":{"line":10,"column":0},"end":{"line":10,"column":10}},"10":{"start":{"line":11,"column":0},"end":{"line":11,"column":9}},"11":{"start":{"line":12,"column":0},"end":{"line":12,"column":119}},"12":{"start":{"line":13,"column":0},"end":{"line":13,"column":9}},"13":{"start":{"line":14,"column":0},"end":{"line":14,"column":6}},"14":{"start":{"line":15,"column":0},"end":{"line":15,"column":19}},"15":{"start":{"line":16,"column":0},"end":{"line":16,"column":20}},"16":{"start":{"line":17,"column":0},"end":{"line":17,"column":29}},"17":{"start":{"line":18,"column":0},"end":{"line":18,"column":37}},"18":{"start":{"line":19,"column":0},"end":{"line":19,"column":33}},"19":{"start":{"line":20,"column":0},"end":{"line":20,"column":6}},"20":{"start":{"line":21,"column":0},"end":{"line":21,"column":40}},"21":{"start":{"line":22,"column":0},"end":{"line":22,"column":60}},"22":{"start":{"line":23,"column":0},"end":{"line":23,"column":57}},"23":{"start":{"line":24,"column":0},"end":{"line":24,"column":20}},"24":{"start":{"line":25,"column":0},"end":{"line":25,"column":19}},"25":{"start":{"line":26,"column":0},"end":{"line":26,"column":26}},"26":{"start":{"line":27,"column":0},"end":{"line":27,"column":19}},"27":{"start":{"line":28,"column":0},"end":{"line":28,"column":34}},"28":{"start":{"line":29,"column":0},"end":{"line":29,"column":35}},"29":{"start":{"line":30,"column":0},"end":{"line":30,"column":31}},"30":{"start":{"line":31,"column":0},"end":{"line":31,"column":13}},"31":{"start":{"line":32,"column":0},"end":{"line":32,"column":18}},"32":{"start":{"line":33,"column":0},"end":{"line":33,"column":20}},"33":{"start":{"line":34,"column":0},"end":{"line":34,"column":18}},"34":{"start":{"line":35,"column":0},"end":{"line":35,"column":6}},"35":{"start":{"line":36,"column":0},"end":{"line":36,"column":18}},"36":{"start":{"line":37,"column":0},"end":{"line":37,"column":1}},"37":{"start":{"line":38,"column":0},"end":{"line":38,"column":0}},"38":{"start":{"line":39,"column":0},"end":{"line":39,"column":21}},"39":{"start":{"line":40,"column":0},"end":{"line":40,"column":26}},"40":{"start":{"line":41,"column":0},"end":{"line":41,"column":24}},"41":{"start":{"line":42,"column":0},"end":{"line":42,"column":24}},"42":{"start":{"line":43,"column":0},"end":{"line":43,"column":30}},"43":{"start":{"line":44,"column":0},"end":{"line":44,"column":19}},"44":{"start":{"line":45,"column":0},"end":{"line":45,"column":14}},"45":{"start":{"line":46,"column":0},"end":{"line":46,"column":18}},"46":{"start":{"line":47,"column":0},"end":{"line":47,"column":23}},"47":{"start":{"line":48,"column":0},"end":{"line":48,"column":40}},"48":{"start":{"line":49,"column":0},"end":{"line":49,"column":22}},"49":{"start":{"line":50,"column":0},"end":{"line":50,"column":19}},"50":{"start":{"line":51,"column":0},"end":{"line":51,"column":19}},"51":{"start":{"line":52,"column":0},"end":{"line":52,"column":1}},"52":{"start":{"line":53,"column":0},"end":{"line":53,"column":0}},"53":{"start":{"line":54,"column":0},"end":{"line":54,"column":21}},"54":{"start":{"line":55,"column":0},"end":{"line":55,"column":40}},"55":{"start":{"line":56,"column":0},"end":{"line":56,"column":5}},"56":{"start":{"line":57,"column":0},"end":{"line":57,"column":52}},"57":{"start":{"line":58,"column":0},"end":{"line":58,"column":85}},"58":{"start":{"line":59,"column":0},"end":{"line":59,"column":58}},"59":{"start":{"line":60,"column":0},"end":{"line":60,"column":128}},"60":{"start":{"line":61,"column":0},"end":{"line":61,"column":6}},"61":{"start":{"line":62,"column":0},"end":{"line":62,"column":5}},"62":{"start":{"line":63,"column":0},"end":{"line":63,"column":41}},"63":{"start":{"line":64,"column":0},"end":{"line":64,"column":50}},"64":{"start":{"line":65,"column":0},"end":{"line":65,"column":6}},"65":{"start":{"line":66,"column":0},"end":{"line":66,"column":5}},"66":{"start":{"line":67,"column":0},"end":{"line":67,"column":40}},"67":{"start":{"line":68,"column":0},"end":{"line":68,"column":50}},"68":{"start":{"line":69,"column":0},"end":{"line":69,"column":5}},"69":{"start":{"line":70,"column":0},"end":{"line":70,"column":1}}},"s":{"0":1,"1":1,"2":1,"3":1,"4":1,"5":1,"6":1,"7":1,"8":1,"9":1,"10":1,"11":1,"12":1,"13":1,"14":1,"15":1,"16":1,"17":1,"18":1,"19":1,"20":1,"21":1,"22":1,"23":1,"24":1,"25":1,"26":1,"27":1,"28":1,"29":1,"30":1,"31":1,"32":1,"33":1,"34":1,"35":1,"36":1,"37":1,"38":1,"39":1,"40":1,"41":1,"42":1,"43":1,"44":1,"45":1,"46":1,"47":1,"48":1,"49":1,"50":1,"51":1,"52":1,"53":1,"54":1,"55":1,"56":1,"57":1,"58":1,"59":1,"60":1,"61":1,"62":1,"63":1,"64":1,"65":1,"66":1,"67":1,"68":1,"69":1},"branchMap":{},"b":{},"fnMap":{},"f":{}}
,"D:\\Demo_Day\\demo-day-projects-move\\server\\src\\application\\config\\environment.ts": {"path":"D:\\Demo_Day\\demo-day-projects-move\\server\\src\\application\\config\\environment.ts","all":false,"statementMap":{"0":{"start":{"line":1,"column":0},"end":{"line":1,"column":28}},"1":{"start":{"line":2,"column":0},"end":{"line":2,"column":0}},"2":{"start":{"line":3,"column":0},"end":{"line":3,"column":31}},"3":{"start":{"line":4,"column":0},"end":{"line":4,"column":0}},"4":{"start":{"line":5,"column":0},"end":{"line":5,"column":0}},"5":{"start":{"line":6,"column":0},"end":{"line":6,"column":3}},"6":{"start":{"line":7,"column":0},"end":{"line":7,"column":90}},"7":{"start":{"line":8,"column":0},"end":{"line":8,"column":21}},"8":{"start":{"line":9,"column":0},"end":{"line":9,"column":90}},"9":{"start":{"line":10,"column":0},"end":{"line":10,"column":2}},"10":{"start":{"line":11,"column":0},"end":{"line":11,"column":48}},"11":{"start":{"line":12,"column":0},"end":{"line":12,"column":44}},"12":{"start":{"line":13,"column":0},"end":{"line":13,"column":36}},"13":{"start":{"line":14,"column":0},"end":{"line":14,"column":0}},"14":{"start":{"line":15,"column":0},"end":{"line":15,"column":0}},"15":{"start":{"line":16,"column":0},"end":{"line":16,"column":3}},"16":{"start":{"line":17,"column":0},"end":{"line":17,"column":90}},"17":{"start":{"line":18,"column":0},"end":{"line":18,"column":32}},"18":{"start":{"line":19,"column":0},"end":{"line":19,"column":90}},"19":{"start":{"line":20,"column":0},"end":{"line":20,"column":2}},"20":{"start":{"line":21,"column":0},"end":{"line":21,"column":0}},"21":{"start":{"line":22,"column":0},"end":{"line":22,"column":58}},"22":{"start":{"line":23,"column":0},"end":{"line":23,"column":0}},"23":{"start":{"line":24,"column":0},"end":{"line":24,"column":3}},"24":{"start":{"line":25,"column":0},"end":{"line":25,"column":29}},"25":{"start":{"line":26,"column":0},"end":{"line":26,"column":2}},"26":{"start":{"line":27,"column":0},"end":{"line":27,"column":39}},"27":{"start":{"line":28,"column":0},"end":{"line":28,"column":0}},"28":{"start":{"line":29,"column":0},"end":{"line":29,"column":0}},"29":{"start":{"line":30,"column":0},"end":{"line":30,"column":3}},"30":{"start":{"line":31,"column":0},"end":{"line":31,"column":90}},"31":{"start":{"line":32,"column":0},"end":{"line":32,"column":27}},"32":{"start":{"line":33,"column":0},"end":{"line":33,"column":90}},"33":{"start":{"line":34,"column":0},"end":{"line":34,"column":2}},"34":{"start":{"line":35,"column":0},"end":{"line":35,"column":0}},"35":{"start":{"line":36,"column":0},"end":{"line":36,"column":3}},"36":{"start":{"line":37,"column":0},"end":{"line":37,"column":8}},"37":{"start":{"line":38,"column":0},"end":{"line":38,"column":2}},"38":{"start":{"line":39,"column":0},"end":{"line":39,"column":29}},"39":{"start":{"line":40,"column":0},"end":{"line":40,"column":27}},"40":{"start":{"line":41,"column":0},"end":{"line":41,"column":30}},"41":{"start":{"line":42,"column":0},"end":{"line":42,"column":38}},"42":{"start":{"line":43,"column":0},"end":{"line":43,"column":34}},"43":{"start":{"line":44,"column":0},"end":{"line":44,"column":1}},"44":{"start":{"line":45,"column":0},"end":{"line":45,"column":0}},"45":{"start":{"line":46,"column":0},"end":{"line":46,"column":3}},"46":{"start":{"line":47,"column":0},"end":{"line":47,"column":11}},"47":{"start":{"line":48,"column":0},"end":{"line":48,"column":2}},"48":{"start":{"line":49,"column":0},"end":{"line":49,"column":31}},"49":{"start":{"line":50,"column":0},"end":{"line":50,"column":34}},"50":{"start":{"line":51,"column":0},"end":{"line":51,"column":35}},"51":{"start":{"line":52,"column":0},"end":{"line":52,"column":0}},"52":{"start":{"line":53,"column":0},"end":{"line":53,"column":42}},"53":{"start":{"line":54,"column":0},"end":{"line":54,"column":3}},"54":{"start":{"line":55,"column":0},"end":{"line":55,"column":11}},"55":{"start":{"line":56,"column":0},"end":{"line":56,"column":3}},"56":{"start":{"line":57,"column":0},"end":{"line":57,"column":32}},"57":{"start":{"line":58,"column":0},"end":{"line":58,"column":36}},"58":{"start":{"line":59,"column":0},"end":{"line":59,"column":39}},"59":{"start":{"line":60,"column":0},"end":{"line":60,"column":44}},"60":{"start":{"line":61,"column":0},"end":{"line":61,"column":47}},"61":{"start":{"line":62,"column":0},"end":{"line":62,"column":31}},"62":{"start":{"line":63,"column":0},"end":{"line":63,"column":25}},"63":{"start":{"line":64,"column":0},"end":{"line":64,"column":13}},"64":{"start":{"line":65,"column":0},"end":{"line":65,"column":15}},"65":{"start":{"line":66,"column":0},"end":{"line":66,"column":1}},"66":{"start":{"line":67,"column":0},"end":{"line":67,"column":0}},"67":{"start":{"line":68,"column":0},"end":{"line":68,"column":0}},"68":{"start":{"line":69,"column":0},"end":{"line":69,"column":3}},"69":{"start":{"line":70,"column":0},"end":{"line":70,"column":33}},"70":{"start":{"line":71,"column":0},"end":{"line":71,"column":3}},"71":{"start":{"line":72,"column":0},"end":{"line":72,"column":3}},"72":{"start":{"line":73,"column":0},"end":{"line":73,"column":0}},"73":{"start":{"line":74,"column":0},"end":{"line":74,"column":32}},"74":{"start":{"line":75,"column":0},"end":{"line":75,"column":32}},"75":{"start":{"line":76,"column":0},"end":{"line":76,"column":39}},"76":{"start":{"line":77,"column":0},"end":{"line":77,"column":37}},"77":{"start":{"line":78,"column":0},"end":{"line":78,"column":45}},"78":{"start":{"line":79,"column":0},"end":{"line":79,"column":53}},"79":{"start":{"line":80,"column":0},"end":{"line":80,"column":28}},"80":{"start":{"line":81,"column":0},"end":{"line":81,"column":2}},"81":{"start":{"line":82,"column":0},"end":{"line":82,"column":0}},"82":{"start":{"line":83,"column":0},"end":{"line":83,"column":0}},"83":{"start":{"line":84,"column":0},"end":{"line":84,"column":0}},"84":{"start":{"line":85,"column":0},"end":{"line":85,"column":3}},"85":{"start":{"line":86,"column":0},"end":{"line":86,"column":40}},"86":{"start":{"line":87,"column":0},"end":{"line":87,"column":3}},"87":{"start":{"line":88,"column":0},"end":{"line":88,"column":83}},"88":{"start":{"line":89,"column":0},"end":{"line":89,"column":75}},"89":{"start":{"line":90,"column":0},"end":{"line":90,"column":78}},"90":{"start":{"line":91,"column":0},"end":{"line":91,"column":0}},"91":{"start":{"line":92,"column":0},"end":{"line":92,"column":3}},"92":{"start":{"line":93,"column":0},"end":{"line":93,"column":32}},"93":{"start":{"line":94,"column":0},"end":{"line":94,"column":3}},"94":{"start":{"line":95,"column":0},"end":{"line":95,"column":56}},"95":{"start":{"line":96,"column":0},"end":{"line":96,"column":52}},"96":{"start":{"line":97,"column":0},"end":{"line":97,"column":46}}},"s":{"0":1,"1":1,"2":1,"3":1,"4":1,"5":1,"6":1,"7":1,"8":1,"9":1,"10":1,"11":1,"12":1,"13":1,"14":1,"15":1,"16":1,"17":1,"18":1,"19":1,"20":1,"21":1,"22":1,"23":1,"24":1,"25":1,"26":1,"27":1,"28":1,"29":1,"30":1,"31":1,"32":1,"33":1,"34":1,"35":1,"36":1,"37":1,"38":1,"39":1,"40":1,"41":1,"42":1,"43":1,"44":1,"45":1,"46":1,"47":1,"48":1,"49":1,"50":1,"51":1,"52":1,"53":1,"54":1,"55":1,"56":1,"57":1,"58":1,"59":1,"60":1,"61":1,"62":1,"63":1,"64":1,"65":1,"66":1,"67":1,"68":1,"69":1,"70":1,"71":1,"72":1,"73":1,"74":1,"75":1,"76":1,"77":1,"78":1,"79":1,"80":1,"81":1,"82":1,"83":1,"84":1,"85":1,"86":1,"87":1,"88":1,"89":1,"90":1,"91":1,"92":1,"93":1,"94":1,"95":1,"96":1},"branchMap":{"0":{"type":"branch","line":50,"loc":{"start":{"line":50,"column":4},"end":{"line":50,"column":34}},"locations":[{"start":{"line":50,"column":4},"end":{"line":50,"column":34}}]},"1":{"type":"branch","line":88,"loc":{"start":{"line":88,"column":70},"end":{"line":88,"column":83}},"locations":[{"start":{"line":88,"column":70},"end":{"line":88,"column":83}}]},"2":{"type":"branch","line":89,"loc":{"start":{"line":89,"column":64},"end":{"line":89,"column":75}},"locations":[{"start":{"line":89,"column":64},"end":{"line":89,"column":75}}]}},"b":{"0":[0],"1":[0],"2":[0]},"fnMap":{},"f":{}}
,"D:\\Demo_Day\\demo-day-projects-move\\server\\src\\database\\database.config.ts": {"path":"D:\\Demo_Day\\demo-day-projects-move\\server\\src\\database\\database.config.ts","all":false,"statementMap":{"0":{"start":{"line":1,"column":0},"end":{"line":1,"column":26}},"1":{"start":{"line":2,"column":0},"end":{"line":2,"column":68}},"2":{"start":{"line":3,"column":0},"end":{"line":3,"column":0}},"3":{"start":{"line":4,"column":0},"end":{"line":4,"column":45}}},"s":{"0":1,"1":1,"2":1,"3":1},"branchMap":{},"b":{},"fnMap":{},"f":{}}
,"D:\\Demo_Day\\demo-day-projects-move\\server\\src\\email\\template\\template.ts": {"path":"D:\\Demo_Day\\demo-day-projects-move\\server\\src\\email\\template\\template.ts","all":false,"statementMap":{"0":{"start":{"line":1,"column":0},"end":{"line":1,"column":72}},"1":{"start":{"line":2,"column":0},"end":{"line":2,"column":27}},"2":{"start":{"line":3,"column":0},"end":{"line":3,"column":0}},"3":{"start":{"line":4,"column":0},"end":{"line":4,"column":20}},"4":{"start":{"line":5,"column":0},"end":{"line":5,"column":12}},"5":{"start":{"line":6,"column":0},"end":{"line":6,"column":32}},"6":{"start":{"line":7,"column":0},"end":{"line":7,"column":40}},"7":{"start":{"line":8,"column":0},"end":{"line":8,"column":13}},"8":{"start":{"line":9,"column":0},"end":{"line":9,"column":97}},"9":{"start":{"line":10,"column":0},"end":{"line":10,"column":26}},"10":{"start":{"line":11,"column":0},"end":{"line":11,"column":10}},"11":{"start":{"line":12,"column":0},"end":{"line":12,"column":15}},"12":{"start":{"line":13,"column":0},"end":{"line":13,"column":13}},"13":{"start":{"line":14,"column":0},"end":{"line":14,"column":22}},"14":{"start":{"line":15,"column":0},"end":{"line":15,"column":11}},"15":{"start":{"line":16,"column":0},"end":{"line":16,"column":4}},"16":{"start":{"line":17,"column":0},"end":{"line":17,"column":15}},"17":{"start":{"line":18,"column":0},"end":{"line":18,"column":16}},"18":{"start":{"line":19,"column":0},"end":{"line":19,"column":13}},"19":{"start":{"line":20,"column":0},"end":{"line":20,"column":13}},"20":{"start":{"line":21,"column":0},"end":{"line":21,"column":84}},"21":{"start":{"line":22,"column":0},"end":{"line":22,"column":29}},"22":{"start":{"line":23,"column":0},"end":{"line":23,"column":27}},"23":{"start":{"line":24,"column":0},"end":{"line":24,"column":11}},"24":{"start":{"line":25,"column":0},"end":{"line":25,"column":4}},"25":{"start":{"line":26,"column":0},"end":{"line":26,"column":16}},"26":{"start":{"line":27,"column":0},"end":{"line":27,"column":32}},"27":{"start":{"line":28,"column":0},"end":{"line":28,"column":11}},"28":{"start":{"line":29,"column":0},"end":{"line":29,"column":4}},"29":{"start":{"line":30,"column":0},"end":{"line":30,"column":24}},"30":{"start":{"line":31,"column":0},"end":{"line":31,"column":31}},"31":{"start":{"line":32,"column":0},"end":{"line":32,"column":11}},"32":{"start":{"line":33,"column":0},"end":{"line":33,"column":4}},"33":{"start":{"line":34,"column":0},"end":{"line":34,"column":14}},"34":{"start":{"line":35,"column":0},"end":{"line":35,"column":23}},"35":{"start":{"line":36,"column":0},"end":{"line":36,"column":27}},"36":{"start":{"line":37,"column":0},"end":{"line":37,"column":28}},"37":{"start":{"line":38,"column":0},"end":{"line":38,"column":30}},"38":{"start":{"line":39,"column":0},"end":{"line":39,"column":84}},"39":{"start":{"line":40,"column":0},"end":{"line":40,"column":11}},"40":{"start":{"line":41,"column":0},"end":{"line":41,"column":4}},"41":{"start":{"line":42,"column":0},"end":{"line":42,"column":13}},"42":{"start":{"line":43,"column":0},"end":{"line":43,"column":42}},"43":{"start":{"line":44,"column":0},"end":{"line":44,"column":23}},"44":{"start":{"line":45,"column":0},"end":{"line":45,"column":22}},"45":{"start":{"line":46,"column":0},"end":{"line":46,"column":28}},"46":{"start":{"line":47,"column":0},"end":{"line":47,"column":32}},"47":{"start":{"line":48,"column":0},"end":{"line":48,"column":30}},"48":{"start":{"line":49,"column":0},"end":{"line":49,"column":84}},"49":{"start":{"line":50,"column":0},"end":{"line":50,"column":11}},"50":{"start":{"line":51,"column":0},"end":{"line":51,"column":4}},"51":{"start":{"line":52,"column":0},"end":{"line":52,"column":17}},"52":{"start":{"line":53,"column":0},"end":{"line":53,"column":28}},"53":{"start":{"line":54,"column":0},"end":{"line":54,"column":11}},"54":{"start":{"line":55,"column":0},"end":{"line":55,"column":4}},"55":{"start":{"line":56,"column":0},"end":{"line":56,"column":13}},"56":{"start":{"line":57,"column":0},"end":{"line":57,"column":27}},"57":{"start":{"line":58,"column":0},"end":{"line":58,"column":11}},"58":{"start":{"line":59,"column":0},"end":{"line":59,"column":4}},"59":{"start":{"line":60,"column":0},"end":{"line":60,"column":15}},"60":{"start":{"line":61,"column":0},"end":{"line":61,"column":27}},"61":{"start":{"line":62,"column":0},"end":{"line":62,"column":25}},"62":{"start":{"line":63,"column":0},"end":{"line":63,"column":11}},"63":{"start":{"line":64,"column":0},"end":{"line":64,"column":4}},"64":{"start":{"line":65,"column":0},"end":{"line":65,"column":20}},"65":{"start":{"line":66,"column":0},"end":{"line":66,"column":29}},"66":{"start":{"line":67,"column":0},"end":{"line":67,"column":25}},"67":{"start":{"line":68,"column":0},"end":{"line":68,"column":38}},"68":{"start":{"line":69,"column":0},"end":{"line":69,"column":11}},"69":{"start":{"line":70,"column":0},"end":{"line":70,"column":4}},"70":{"start":{"line":71,"column":0},"end":{"line":71,"column":17}},"71":{"start":{"line":72,"column":0},"end":{"line":72,"column":32}},"72":{"start":{"line":73,"column":0},"end":{"line":73,"column":85}},"73":{"start":{"line":74,"column":0},"end":{"line":74,"column":31}},"74":{"start":{"line":75,"column":0},"end":{"line":75,"column":11}},"75":{"start":{"line":76,"column":0},"end":{"line":76,"column":4}},"76":{"start":{"line":77,"column":0},"end":{"line":77,"column":19}},"77":{"start":{"line":78,"column":0},"end":{"line":78,"column":38}},"78":{"start":{"line":79,"column":0},"end":{"line":79,"column":24}},"79":{"start":{"line":80,"column":0},"end":{"line":80,"column":30}},"80":{"start":{"line":81,"column":0},"end":{"line":81,"column":11}},"81":{"start":{"line":82,"column":0},"end":{"line":82,"column":4}},"82":{"start":{"line":83,"column":0},"end":{"line":83,"column":17}},"83":{"start":{"line":84,"column":0},"end":{"line":84,"column":30}},"84":{"start":{"line":85,"column":0},"end":{"line":85,"column":38}},"85":{"start":{"line":86,"column":0},"end":{"line":86,"column":11}},"86":{"start":{"line":87,"column":0},"end":{"line":87,"column":4}},"87":{"start":{"line":88,"column":0},"end":{"line":88,"column":24}},"88":{"start":{"line":89,"column":0},"end":{"line":89,"column":32}},"89":{"start":{"line":90,"column":0},"end":{"line":90,"column":11}},"90":{"start":{"line":91,"column":0},"end":{"line":91,"column":4}},"91":{"start":{"line":92,"column":0},"end":{"line":92,"column":37}},"92":{"start":{"line":93,"column":0},"end":{"line":93,"column":19}},"93":{"start":{"line":94,"column":0},"end":{"line":94,"column":33}},"94":{"start":{"line":95,"column":0},"end":{"line":95,"column":13}},"95":{"start":{"line":96,"column":0},"end":{"line":96,"column":11}},"96":{"start":{"line":97,"column":0},"end":{"line":97,"column":4}},"97":{"start":{"line":98,"column":0},"end":{"line":98,"column":19}},"98":{"start":{"line":99,"column":0},"end":{"line":99,"column":31}},"99":{"start":{"line":100,"column":0},"end":{"line":100,"column":11}},"100":{"start":{"line":101,"column":0},"end":{"line":101,"column":4}},"101":{"start":{"line":102,"column":0},"end":{"line":102,"column":37}},"102":{"start":{"line":103,"column":0},"end":{"line":103,"column":21}},"103":{"start":{"line":104,"column":0},"end":{"line":104,"column":33}},"104":{"start":{"line":105,"column":0},"end":{"line":105,"column":13}},"105":{"start":{"line":106,"column":0},"end":{"line":106,"column":11}},"106":{"start":{"line":107,"column":0},"end":{"line":107,"column":4}},"107":{"start":{"line":108,"column":0},"end":{"line":108,"column":33}},"108":{"start":{"line":109,"column":0},"end":{"line":109,"column":91}},"109":{"start":{"line":110,"column":0},"end":{"line":110,"column":38}},"110":{"start":{"line":111,"column":0},"end":{"line":111,"column":41}},"111":{"start":{"line":112,"column":0},"end":{"line":112,"column":38}},"112":{"start":{"line":113,"column":0},"end":{"line":113,"column":35}},"113":{"start":{"line":114,"column":0},"end":{"line":114,"column":11}},"114":{"start":{"line":115,"column":0},"end":{"line":115,"column":4}},"115":{"start":{"line":116,"column":0},"end":{"line":116,"column":36}},"116":{"start":{"line":117,"column":0},"end":{"line":117,"column":81}},"117":{"start":{"line":118,"column":0},"end":{"line":118,"column":47}},"118":{"start":{"line":119,"column":0},"end":{"line":119,"column":41}},"119":{"start":{"line":120,"column":0},"end":{"line":120,"column":38}},"120":{"start":{"line":121,"column":0},"end":{"line":121,"column":35}},"121":{"start":{"line":122,"column":0},"end":{"line":122,"column":11}},"122":{"start":{"line":123,"column":0},"end":{"line":123,"column":4}},"123":{"start":{"line":124,"column":0},"end":{"line":124,"column":21}},"124":{"start":{"line":125,"column":0},"end":{"line":125,"column":24}},"125":{"start":{"line":126,"column":0},"end":{"line":126,"column":11}},"126":{"start":{"line":127,"column":0},"end":{"line":127,"column":4}},"127":{"start":{"line":128,"column":0},"end":{"line":128,"column":24}},"128":{"start":{"line":129,"column":0},"end":{"line":129,"column":34}},"129":{"start":{"line":130,"column":0},"end":{"line":130,"column":28}},"130":{"start":{"line":131,"column":0},"end":{"line":131,"column":32}},"131":{"start":{"line":132,"column":0},"end":{"line":132,"column":27}},"132":{"start":{"line":133,"column":0},"end":{"line":133,"column":32}},"133":{"start":{"line":134,"column":0},"end":{"line":134,"column":24}},"134":{"start":{"line":135,"column":0},"end":{"line":135,"column":28}},"135":{"start":{"line":136,"column":0},"end":{"line":136,"column":29}},"136":{"start":{"line":137,"column":0},"end":{"line":137,"column":35}},"137":{"start":{"line":138,"column":0},"end":{"line":138,"column":30}},"138":{"start":{"line":139,"column":0},"end":{"line":139,"column":34}},"139":{"start":{"line":140,"column":0},"end":{"line":140,"column":38}},"140":{"start":{"line":141,"column":0},"end":{"line":141,"column":11}},"141":{"start":{"line":142,"column":0},"end":{"line":142,"column":4}},"142":{"start":{"line":143,"column":0},"end":{"line":143,"column":30}},"143":{"start":{"line":144,"column":0},"end":{"line":144,"column":32}},"144":{"start":{"line":145,"column":0},"end":{"line":145,"column":11}},"145":{"start":{"line":146,"column":0},"end":{"line":146,"column":4}},"146":{"start":{"line":147,"column":0},"end":{"line":147,"column":29}},"147":{"start":{"line":148,"column":0},"end":{"line":148,"column":27}},"148":{"start":{"line":149,"column":0},"end":{"line":149,"column":11}},"149":{"start":{"line":150,"column":0},"end":{"line":150,"column":4}},"150":{"start":{"line":151,"column":0},"end":{"line":151,"column":23}},"151":{"start":{"line":152,"column":0},"end":{"line":152,"column":24}},"152":{"start":{"line":153,"column":0},"end":{"line":153,"column":31}},"153":{"start":{"line":154,"column":0},"end":{"line":154,"column":11}},"154":{"start":{"line":155,"column":0},"end":{"line":155,"column":4}},"155":{"start":{"line":156,"column":0},"end":{"line":156,"column":24}},"156":{"start":{"line":157,"column":0},"end":{"line":157,"column":24}},"157":{"start":{"line":158,"column":0},"end":{"line":158,"column":11}},"158":{"start":{"line":159,"column":0},"end":{"line":159,"column":4}},"159":{"start":{"line":160,"column":0},"end":{"line":160,"column":30}},"160":{"start":{"line":161,"column":0},"end":{"line":161,"column":27}},"161":{"start":{"line":162,"column":0},"end":{"line":162,"column":11}},"162":{"start":{"line":163,"column":0},"end":{"line":163,"column":4}},"163":{"start":{"line":164,"column":0},"end":{"line":164,"column":23}},"164":{"start":{"line":165,"column":0},"end":{"line":165,"column":40}},"165":{"start":{"line":166,"column":0},"end":{"line":166,"column":24}},"166":{"start":{"line":167,"column":0},"end":{"line":167,"column":26}},"167":{"start":{"line":168,"column":0},"end":{"line":168,"column":30}},"168":{"start":{"line":169,"column":0},"end":{"line":169,"column":22}},"169":{"start":{"line":170,"column":0},"end":{"line":170,"column":14}},"170":{"start":{"line":171,"column":0},"end":{"line":171,"column":11}},"171":{"start":{"line":172,"column":0},"end":{"line":172,"column":4}},"172":{"start":{"line":173,"column":0},"end":{"line":173,"column":17}},"173":{"start":{"line":174,"column":0},"end":{"line":174,"column":24}},"174":{"start":{"line":175,"column":0},"end":{"line":175,"column":38}},"175":{"start":{"line":176,"column":0},"end":{"line":176,"column":11}},"176":{"start":{"line":177,"column":0},"end":{"line":177,"column":4}},"177":{"start":{"line":178,"column":0},"end":{"line":178,"column":22}},"178":{"start":{"line":179,"column":0},"end":{"line":179,"column":29}},"179":{"start":{"line":180,"column":0},"end":{"line":180,"column":25}},"180":{"start":{"line":181,"column":0},"end":{"line":181,"column":24}},"181":{"start":{"line":182,"column":0},"end":{"line":182,"column":29}},"182":{"start":{"line":183,"column":0},"end":{"line":183,"column":31}},"183":{"start":{"line":184,"column":0},"end":{"line":184,"column":11}},"184":{"start":{"line":185,"column":0},"end":{"line":185,"column":4}},"185":{"start":{"line":186,"column":0},"end":{"line":186,"column":32}},"186":{"start":{"line":187,"column":0},"end":{"line":187,"column":32}},"187":{"start":{"line":188,"column":0},"end":{"line":188,"column":11}},"188":{"start":{"line":189,"column":0},"end":{"line":189,"column":4}},"189":{"start":{"line":190,"column":0},"end":{"line":190,"column":37}},"190":{"start":{"line":191,"column":0},"end":{"line":191,"column":24}},"191":{"start":{"line":192,"column":0},"end":{"line":192,"column":30}},"192":{"start":{"line":193,"column":0},"end":{"line":193,"column":32}},"193":{"start":{"line":194,"column":0},"end":{"line":194,"column":13}},"194":{"start":{"line":195,"column":0},"end":{"line":195,"column":11}},"195":{"start":{"line":196,"column":0},"end":{"line":196,"column":4}},"196":{"start":{"line":197,"column":0},"end":{"line":197,"column":53}},"197":{"start":{"line":198,"column":0},"end":{"line":198,"column":38}},"198":{"start":{"line":199,"column":0},"end":{"line":199,"column":40}},"199":{"start":{"line":200,"column":0},"end":{"line":200,"column":37}},"200":{"start":{"line":201,"column":0},"end":{"line":201,"column":13}},"201":{"start":{"line":202,"column":0},"end":{"line":202,"column":11}},"202":{"start":{"line":203,"column":0},"end":{"line":203,"column":16}},"203":{"start":{"line":204,"column":0},"end":{"line":204,"column":4}},"204":{"start":{"line":205,"column":0},"end":{"line":205,"column":21}},"205":{"start":{"line":206,"column":0},"end":{"line":206,"column":33}},"206":{"start":{"line":207,"column":0},"end":{"line":207,"column":17}},"207":{"start":{"line":208,"column":0},"end":{"line":208,"column":18}},"208":{"start":{"line":209,"column":0},"end":{"line":209,"column":16}},"209":{"start":{"line":210,"column":0},"end":{"line":210,"column":69}},"210":{"start":{"line":211,"column":0},"end":{"line":211,"column":13}},"211":{"start":{"line":212,"column":0},"end":{"line":212,"column":18}},"212":{"start":{"line":213,"column":0},"end":{"line":213,"column":20}},"213":{"start":{"line":214,"column":0},"end":{"line":214,"column":13}},"214":{"start":{"line":215,"column":0},"end":{"line":215,"column":4}},"215":{"start":{"line":216,"column":0},"end":{"line":216,"column":12}},"216":{"start":{"line":217,"column":0},"end":{"line":217,"column":64}},"217":{"start":{"line":218,"column":0},"end":{"line":218,"column":17}},"218":{"start":{"line":219,"column":0},"end":{"line":219,"column":16}},"219":{"start":{"line":220,"column":0},"end":{"line":220,"column":46}},"220":{"start":{"line":221,"column":0},"end":{"line":221,"column":17}},"221":{"start":{"line":222,"column":0},"end":{"line":222,"column":16}},"222":{"start":{"line":223,"column":0},"end":{"line":223,"column":23}},"223":{"start":{"line":224,"column":0},"end":{"line":224,"column":30}},"224":{"start":{"line":225,"column":0},"end":{"line":225,"column":34}},"225":{"start":{"line":226,"column":0},"end":{"line":226,"column":58}},"226":{"start":{"line":227,"column":0},"end":{"line":227,"column":24}},"227":{"start":{"line":228,"column":0},"end":{"line":228,"column":26}},"228":{"start":{"line":229,"column":0},"end":{"line":229,"column":30}},"229":{"start":{"line":230,"column":0},"end":{"line":230,"column":41}},"230":{"start":{"line":231,"column":0},"end":{"line":231,"column":41}},"231":{"start":{"line":232,"column":0},"end":{"line":232,"column":36}},"232":{"start":{"line":233,"column":0},"end":{"line":233,"column":38}},"233":{"start":{"line":234,"column":0},"end":{"line":234,"column":25}},"234":{"start":{"line":235,"column":0},"end":{"line":235,"column":30}},"235":{"start":{"line":236,"column":0},"end":{"line":236,"column":75}},"236":{"start":{"line":237,"column":0},"end":{"line":237,"column":36}},"237":{"start":{"line":238,"column":0},"end":{"line":238,"column":54}},"238":{"start":{"line":239,"column":0},"end":{"line":239,"column":46}},"239":{"start":{"line":240,"column":0},"end":{"line":240,"column":39}},"240":{"start":{"line":241,"column":0},"end":{"line":241,"column":52}},"241":{"start":{"line":242,"column":0},"end":{"line":242,"column":60}},"242":{"start":{"line":243,"column":0},"end":{"line":243,"column":45}},"243":{"start":{"line":244,"column":0},"end":{"line":244,"column":54}},"244":{"start":{"line":245,"column":0},"end":{"line":245,"column":51}},"245":{"start":{"line":246,"column":0},"end":{"line":246,"column":46}},"246":{"start":{"line":247,"column":0},"end":{"line":247,"column":54}},"247":{"start":{"line":248,"column":0},"end":{"line":248,"column":33}},"248":{"start":{"line":249,"column":0},"end":{"line":249,"column":31}},"249":{"start":{"line":250,"column":0},"end":{"line":250,"column":35}},"250":{"start":{"line":251,"column":0},"end":{"line":251,"column":41}},"251":{"start":{"line":252,"column":0},"end":{"line":252,"column":47}},"252":{"start":{"line":253,"column":0},"end":{"line":253,"column":56}},"253":{"start":{"line":254,"column":0},"end":{"line":254,"column":53}},"254":{"start":{"line":255,"column":0},"end":{"line":255,"column":35}},"255":{"start":{"line":256,"column":0},"end":{"line":256,"column":33}},"256":{"start":{"line":257,"column":0},"end":{"line":257,"column":37}},"257":{"start":{"line":258,"column":0},"end":{"line":258,"column":57}},"258":{"start":{"line":259,"column":0},"end":{"line":259,"column":43}},"259":{"start":{"line":260,"column":0},"end":{"line":260,"column":52}},"260":{"start":{"line":261,"column":0},"end":{"line":261,"column":58}},"261":{"start":{"line":262,"column":0},"end":{"line":262,"column":55}},"262":{"start":{"line":263,"column":0},"end":{"line":263,"column":53}},"263":{"start":{"line":264,"column":0},"end":{"line":264,"column":71}},"264":{"start":{"line":265,"column":0},"end":{"line":265,"column":58}},"265":{"start":{"line":266,"column":0},"end":{"line":266,"column":48}},"266":{"start":{"line":267,"column":0},"end":{"line":267,"column":55}},"267":{"start":{"line":268,"column":0},"end":{"line":268,"column":54}},"268":{"start":{"line":269,"column":0},"end":{"line":269,"column":75}},"269":{"start":{"line":270,"column":0},"end":{"line":270,"column":37}},"270":{"start":{"line":271,"column":0},"end":{"line":271,"column":35}},"271":{"start":{"line":272,"column":0},"end":{"line":272,"column":42}},"272":{"start":{"line":273,"column":0},"end":{"line":273,"column":52}},"273":{"start":{"line":274,"column":0},"end":{"line":274,"column":55}},"274":{"start":{"line":275,"column":0},"end":{"line":275,"column":45}},"275":{"start":{"line":276,"column":0},"end":{"line":276,"column":58}},"276":{"start":{"line":277,"column":0},"end":{"line":277,"column":66}},"277":{"start":{"line":278,"column":0},"end":{"line":278,"column":51}},"278":{"start":{"line":279,"column":0},"end":{"line":279,"column":60}},"279":{"start":{"line":280,"column":0},"end":{"line":280,"column":60}},"280":{"start":{"line":281,"column":0},"end":{"line":281,"column":56}},"281":{"start":{"line":282,"column":0},"end":{"line":282,"column":39}},"282":{"start":{"line":283,"column":0},"end":{"line":283,"column":37}},"283":{"start":{"line":284,"column":0},"end":{"line":284,"column":45}},"284":{"start":{"line":285,"column":0},"end":{"line":285,"column":43}},"285":{"start":{"line":286,"column":0},"end":{"line":286,"column":49}},"286":{"start":{"line":287,"column":0},"end":{"line":287,"column":55}},"287":{"start":{"line":288,"column":0},"end":{"line":288,"column":64}},"288":{"start":{"line":289,"column":0},"end":{"line":289,"column":61}},"289":{"start":{"line":290,"column":0},"end":{"line":290,"column":43}},"290":{"start":{"line":291,"column":0},"end":{"line":291,"column":41}},"291":{"start":{"line":292,"column":0},"end":{"line":292,"column":45}},"292":{"start":{"line":293,"column":0},"end":{"line":293,"column":51}},"293":{"start":{"line":294,"column":0},"end":{"line":294,"column":57}},"294":{"start":{"line":295,"column":0},"end":{"line":295,"column":66}},"295":{"start":{"line":296,"column":0},"end":{"line":296,"column":63}},"296":{"start":{"line":297,"column":0},"end":{"line":297,"column":61}},"297":{"start":{"line":298,"column":0},"end":{"line":298,"column":79}},"298":{"start":{"line":299,"column":0},"end":{"line":299,"column":66}},"299":{"start":{"line":300,"column":0},"end":{"line":300,"column":56}},"300":{"start":{"line":301,"column":0},"end":{"line":301,"column":63}},"301":{"start":{"line":302,"column":0},"end":{"line":302,"column":62}},"302":{"start":{"line":303,"column":0},"end":{"line":303,"column":83}},"303":{"start":{"line":304,"column":0},"end":{"line":304,"column":45}},"304":{"start":{"line":305,"column":0},"end":{"line":305,"column":43}},"305":{"start":{"line":306,"column":0},"end":{"line":306,"column":50}},"306":{"start":{"line":307,"column":0},"end":{"line":307,"column":66}},"307":{"start":{"line":308,"column":0},"end":{"line":308,"column":53}},"308":{"start":{"line":309,"column":0},"end":{"line":309,"column":66}},"309":{"start":{"line":310,"column":0},"end":{"line":310,"column":74}},"310":{"start":{"line":311,"column":0},"end":{"line":311,"column":59}},"311":{"start":{"line":312,"column":0},"end":{"line":312,"column":68}},"312":{"start":{"line":313,"column":0},"end":{"line":313,"column":65}},"313":{"start":{"line":314,"column":0},"end":{"line":314,"column":60}},"314":{"start":{"line":315,"column":0},"end":{"line":315,"column":67}},"315":{"start":{"line":316,"column":0},"end":{"line":316,"column":63}},"316":{"start":{"line":317,"column":0},"end":{"line":317,"column":47}},"317":{"start":{"line":318,"column":0},"end":{"line":318,"column":45}},"318":{"start":{"line":319,"column":0},"end":{"line":319,"column":53}},"319":{"start":{"line":320,"column":0},"end":{"line":320,"column":51}},"320":{"start":{"line":321,"column":0},"end":{"line":321,"column":57}},"321":{"start":{"line":322,"column":0},"end":{"line":322,"column":63}},"322":{"start":{"line":323,"column":0},"end":{"line":323,"column":72}},"323":{"start":{"line":324,"column":0},"end":{"line":324,"column":69}},"324":{"start":{"line":325,"column":0},"end":{"line":325,"column":51}},"325":{"start":{"line":326,"column":0},"end":{"line":326,"column":49}},"326":{"start":{"line":327,"column":0},"end":{"line":327,"column":53}},"327":{"start":{"line":328,"column":0},"end":{"line":328,"column":89}},"328":{"start":{"line":329,"column":0},"end":{"line":329,"column":59}},"329":{"start":{"line":330,"column":0},"end":{"line":330,"column":80}},"330":{"start":{"line":331,"column":0},"end":{"line":331,"column":69}},"331":{"start":{"line":332,"column":0},"end":{"line":332,"column":75}},"332":{"start":{"line":333,"column":0},"end":{"line":333,"column":67}},"333":{"start":{"line":334,"column":0},"end":{"line":334,"column":74}},"334":{"start":{"line":335,"column":0},"end":{"line":335,"column":65}},"335":{"start":{"line":336,"column":0},"end":{"line":336,"column":69}},"336":{"start":{"line":337,"column":0},"end":{"line":337,"column":71}},"337":{"start":{"line":338,"column":0},"end":{"line":338,"column":71}},"338":{"start":{"line":339,"column":0},"end":{"line":339,"column":70}},"339":{"start":{"line":340,"column":0},"end":{"line":340,"column":81}},"340":{"start":{"line":341,"column":0},"end":{"line":341,"column":76}},"341":{"start":{"line":342,"column":0},"end":{"line":342,"column":82}},"342":{"start":{"line":343,"column":0},"end":{"line":343,"column":72}},"343":{"start":{"line":344,"column":0},"end":{"line":344,"column":82}},"344":{"start":{"line":345,"column":0},"end":{"line":345,"column":85}},"345":{"start":{"line":346,"column":0},"end":{"line":346,"column":77}},"346":{"start":{"line":347,"column":0},"end":{"line":347,"column":87}},"347":{"start":{"line":348,"column":0},"end":{"line":348,"column":78}},"348":{"start":{"line":349,"column":0},"end":{"line":349,"column":53}},"349":{"start":{"line":350,"column":0},"end":{"line":350,"column":51}},"350":{"start":{"line":351,"column":0},"end":{"line":351,"column":58}},"351":{"start":{"line":352,"column":0},"end":{"line":352,"column":61}},"352":{"start":{"line":353,"column":0},"end":{"line":353,"column":74}},"353":{"start":{"line":354,"column":0},"end":{"line":354,"column":82}},"354":{"start":{"line":355,"column":0},"end":{"line":355,"column":67}},"355":{"start":{"line":356,"column":0},"end":{"line":356,"column":76}},"356":{"start":{"line":357,"column":0},"end":{"line":357,"column":73}},"357":{"start":{"line":358,"column":0},"end":{"line":358,"column":68}},"358":{"start":{"line":359,"column":0},"end":{"line":359,"column":55}},"359":{"start":{"line":360,"column":0},"end":{"line":360,"column":53}},"360":{"start":{"line":361,"column":0},"end":{"line":361,"column":57}},"361":{"start":{"line":362,"column":0},"end":{"line":362,"column":63}},"362":{"start":{"line":363,"column":0},"end":{"line":363,"column":69}},"363":{"start":{"line":364,"column":0},"end":{"line":364,"column":78}},"364":{"start":{"line":365,"column":0},"end":{"line":365,"column":75}},"365":{"start":{"line":366,"column":0},"end":{"line":366,"column":57}},"366":{"start":{"line":367,"column":0},"end":{"line":367,"column":55}},"367":{"start":{"line":368,"column":0},"end":{"line":368,"column":59}},"368":{"start":{"line":369,"column":0},"end":{"line":369,"column":65}},"369":{"start":{"line":370,"column":0},"end":{"line":370,"column":86}},"370":{"start":{"line":371,"column":0},"end":{"line":371,"column":75}},"371":{"start":{"line":372,"column":0},"end":{"line":372,"column":81}},"372":{"start":{"line":373,"column":0},"end":{"line":373,"column":73}},"373":{"start":{"line":374,"column":0},"end":{"line":374,"column":80}},"374":{"start":{"line":375,"column":0},"end":{"line":375,"column":71}},"375":{"start":{"line":376,"column":0},"end":{"line":376,"column":70}},"376":{"start":{"line":377,"column":0},"end":{"line":377,"column":77}},"377":{"start":{"line":378,"column":0},"end":{"line":378,"column":77}},"378":{"start":{"line":379,"column":0},"end":{"line":379,"column":76}},"379":{"start":{"line":380,"column":0},"end":{"line":380,"column":59}},"380":{"start":{"line":381,"column":0},"end":{"line":381,"column":57}},"381":{"start":{"line":382,"column":0},"end":{"line":382,"column":62}},"382":{"start":{"line":383,"column":0},"end":{"line":383,"column":119}},"383":{"start":{"line":384,"column":0},"end":{"line":384,"column":78}},"384":{"start":{"line":385,"column":0},"end":{"line":385,"column":71}},"385":{"start":{"line":386,"column":0},"end":{"line":386,"column":67}},"386":{"start":{"line":387,"column":0},"end":{"line":387,"column":73}},"387":{"start":{"line":388,"column":0},"end":{"line":388,"column":84}},"388":{"start":{"line":389,"column":0},"end":{"line":389,"column":94}},"389":{"start":{"line":390,"column":0},"end":{"line":390,"column":74}},"390":{"start":{"line":391,"column":0},"end":{"line":391,"column":78}},"391":{"start":{"line":392,"column":0},"end":{"line":392,"column":74}},"392":{"start":{"line":393,"column":0},"end":{"line":393,"column":77}},"393":{"start":{"line":394,"column":0},"end":{"line":394,"column":72}},"394":{"start":{"line":395,"column":0},"end":{"line":395,"column":61}},"395":{"start":{"line":396,"column":0},"end":{"line":396,"column":60}},"396":{"start":{"line":397,"column":0},"end":{"line":397,"column":61}},"397":{"start":{"line":398,"column":0},"end":{"line":398,"column":59}},"398":{"start":{"line":399,"column":0},"end":{"line":399,"column":60}},"399":{"start":{"line":400,"column":0},"end":{"line":400,"column":55}},"400":{"start":{"line":401,"column":0},"end":{"line":401,"column":53}},"401":{"start":{"line":402,"column":0},"end":{"line":402,"column":88}},"402":{"start":{"line":403,"column":0},"end":{"line":403,"column":59}},"403":{"start":{"line":404,"column":0},"end":{"line":404,"column":80}},"404":{"start":{"line":405,"column":0},"end":{"line":405,"column":69}},"405":{"start":{"line":406,"column":0},"end":{"line":406,"column":75}},"406":{"start":{"line":407,"column":0},"end":{"line":407,"column":67}},"407":{"start":{"line":408,"column":0},"end":{"line":408,"column":74}},"408":{"start":{"line":409,"column":0},"end":{"line":409,"column":65}},"409":{"start":{"line":410,"column":0},"end":{"line":410,"column":69}},"410":{"start":{"line":411,"column":0},"end":{"line":411,"column":71}},"411":{"start":{"line":412,"column":0},"end":{"line":412,"column":71}},"412":{"start":{"line":413,"column":0},"end":{"line":413,"column":70}},"413":{"start":{"line":414,"column":0},"end":{"line":414,"column":81}},"414":{"start":{"line":415,"column":0},"end":{"line":415,"column":76}},"415":{"start":{"line":416,"column":0},"end":{"line":416,"column":82}},"416":{"start":{"line":417,"column":0},"end":{"line":417,"column":72}},"417":{"start":{"line":418,"column":0},"end":{"line":418,"column":82}},"418":{"start":{"line":419,"column":0},"end":{"line":419,"column":85}},"419":{"start":{"line":420,"column":0},"end":{"line":420,"column":77}},"420":{"start":{"line":421,"column":0},"end":{"line":421,"column":87}},"421":{"start":{"line":422,"column":0},"end":{"line":422,"column":78}},"422":{"start":{"line":423,"column":0},"end":{"line":423,"column":53}},"423":{"start":{"line":424,"column":0},"end":{"line":424,"column":51}},"424":{"start":{"line":425,"column":0},"end":{"line":425,"column":58}},"425":{"start":{"line":426,"column":0},"end":{"line":426,"column":61}},"426":{"start":{"line":427,"column":0},"end":{"line":427,"column":74}},"427":{"start":{"line":428,"column":0},"end":{"line":428,"column":82}},"428":{"start":{"line":429,"column":0},"end":{"line":429,"column":67}},"429":{"start":{"line":430,"column":0},"end":{"line":430,"column":76}},"430":{"start":{"line":431,"column":0},"end":{"line":431,"column":73}},"431":{"start":{"line":432,"column":0},"end":{"line":432,"column":68}},"432":{"start":{"line":433,"column":0},"end":{"line":433,"column":55}},"433":{"start":{"line":434,"column":0},"end":{"line":434,"column":53}},"434":{"start":{"line":435,"column":0},"end":{"line":435,"column":57}},"435":{"start":{"line":436,"column":0},"end":{"line":436,"column":63}},"436":{"start":{"line":437,"column":0},"end":{"line":437,"column":69}},"437":{"start":{"line":438,"column":0},"end":{"line":438,"column":78}},"438":{"start":{"line":439,"column":0},"end":{"line":439,"column":75}},"439":{"start":{"line":440,"column":0},"end":{"line":440,"column":57}},"440":{"start":{"line":441,"column":0},"end":{"line":441,"column":55}},"441":{"start":{"line":442,"column":0},"end":{"line":442,"column":59}},"442":{"start":{"line":443,"column":0},"end":{"line":443,"column":65}},"443":{"start":{"line":444,"column":0},"end":{"line":444,"column":86}},"444":{"start":{"line":445,"column":0},"end":{"line":445,"column":75}},"445":{"start":{"line":446,"column":0},"end":{"line":446,"column":81}},"446":{"start":{"line":447,"column":0},"end":{"line":447,"column":73}},"447":{"start":{"line":448,"column":0},"end":{"line":448,"column":80}},"448":{"start":{"line":449,"column":0},"end":{"line":449,"column":71}},"449":{"start":{"line":450,"column":0},"end":{"line":450,"column":70}},"450":{"start":{"line":451,"column":0},"end":{"line":451,"column":77}},"451":{"start":{"line":452,"column":0},"end":{"line":452,"column":77}},"452":{"start":{"line":453,"column":0},"end":{"line":453,"column":76}},"453":{"start":{"line":454,"column":0},"end":{"line":454,"column":59}},"454":{"start":{"line":455,"column":0},"end":{"line":455,"column":62}},"455":{"start":{"line":456,"column":0},"end":{"line":456,"column":59}},"456":{"start":{"line":457,"column":0},"end":{"line":457,"column":60}},"457":{"start":{"line":458,"column":0},"end":{"line":458,"column":55}},"458":{"start":{"line":459,"column":0},"end":{"line":459,"column":53}},"459":{"start":{"line":460,"column":0},"end":{"line":460,"column":52}},"460":{"start":{"line":461,"column":0},"end":{"line":461,"column":71}},"461":{"start":{"line":462,"column":0},"end":{"line":462,"column":71}},"462":{"start":{"line":463,"column":0},"end":{"line":463,"column":53}},"463":{"start":{"line":464,"column":0},"end":{"line":464,"column":54}},"464":{"start":{"line":465,"column":0},"end":{"line":465,"column":52}},"465":{"start":{"line":466,"column":0},"end":{"line":466,"column":47}},"466":{"start":{"line":467,"column":0},"end":{"line":467,"column":45}},"467":{"start":{"line":468,"column":0},"end":{"line":468,"column":46}},"468":{"start":{"line":469,"column":0},"end":{"line":469,"column":44}},"469":{"start":{"line":470,"column":0},"end":{"line":470,"column":39}},"470":{"start":{"line":471,"column":0},"end":{"line":471,"column":37}},"471":{"start":{"line":472,"column":0},"end":{"line":472,"column":38}},"472":{"start":{"line":473,"column":0},"end":{"line":473,"column":33}},"473":{"start":{"line":474,"column":0},"end":{"line":474,"column":31}},"474":{"start":{"line":475,"column":0},"end":{"line":475,"column":32}},"475":{"start":{"line":476,"column":0},"end":{"line":476,"column":30}},"476":{"start":{"line":477,"column":0},"end":{"line":477,"column":50}},"477":{"start":{"line":478,"column":0},"end":{"line":478,"column":41}},"478":{"start":{"line":479,"column":0},"end":{"line":479,"column":41}},"479":{"start":{"line":480,"column":0},"end":{"line":480,"column":36}},"480":{"start":{"line":481,"column":0},"end":{"line":481,"column":25}},"481":{"start":{"line":482,"column":0},"end":{"line":482,"column":30}},"482":{"start":{"line":483,"column":0},"end":{"line":483,"column":79}},"483":{"start":{"line":484,"column":0},"end":{"line":484,"column":31}},"484":{"start":{"line":485,"column":0},"end":{"line":485,"column":30}},"485":{"start":{"line":486,"column":0},"end":{"line":486,"column":66}},"486":{"start":{"line":487,"column":0},"end":{"line":487,"column":50}},"487":{"start":{"line":488,"column":0},"end":{"line":488,"column":37}},"488":{"start":{"line":489,"column":0},"end":{"line":489,"column":36}},"489":{"start":{"line":490,"column":0},"end":{"line":490,"column":38}},"490":{"start":{"line":491,"column":0},"end":{"line":491,"column":42}},"491":{"start":{"line":492,"column":0},"end":{"line":492,"column":53}},"492":{"start":{"line":493,"column":0},"end":{"line":493,"column":53}},"493":{"start":{"line":494,"column":0},"end":{"line":494,"column":48}},"494":{"start":{"line":495,"column":0},"end":{"line":495,"column":50}},"495":{"start":{"line":496,"column":0},"end":{"line":496,"column":37}},"496":{"start":{"line":497,"column":0},"end":{"line":497,"column":42}},"497":{"start":{"line":498,"column":0},"end":{"line":498,"column":79}},"498":{"start":{"line":499,"column":0},"end":{"line":499,"column":43}},"499":{"start":{"line":500,"column":0},"end":{"line":500,"column":42}},"500":{"start":{"line":501,"column":0},"end":{"line":501,"column":44}},"501":{"start":{"line":502,"column":0},"end":{"line":502,"column":64}},"502":{"start":{"line":503,"column":0},"end":{"line":503,"column":45}},"503":{"start":{"line":504,"column":0},"end":{"line":504,"column":43}},"504":{"start":{"line":505,"column":0},"end":{"line":505,"column":42}},"505":{"start":{"line":506,"column":0},"end":{"line":506,"column":79}},"506":{"start":{"line":507,"column":0},"end":{"line":507,"column":43}},"507":{"start":{"line":508,"column":0},"end":{"line":508,"column":42}},"508":{"start":{"line":509,"column":0},"end":{"line":509,"column":44}},"509":{"start":{"line":510,"column":0},"end":{"line":510,"column":45}},"510":{"start":{"line":511,"column":0},"end":{"line":511,"column":78}},"511":{"start":{"line":512,"column":0},"end":{"line":512,"column":60}},"512":{"start":{"line":513,"column":0},"end":{"line":513,"column":46}},"513":{"start":{"line":514,"column":0},"end":{"line":514,"column":45}},"514":{"start":{"line":515,"column":0},"end":{"line":515,"column":43}},"515":{"start":{"line":516,"column":0},"end":{"line":516,"column":42}},"516":{"start":{"line":517,"column":0},"end":{"line":517,"column":79}},"517":{"start":{"line":518,"column":0},"end":{"line":518,"column":43}},"518":{"start":{"line":519,"column":0},"end":{"line":519,"column":42}},"519":{"start":{"line":520,"column":0},"end":{"line":520,"column":44}},"520":{"start":{"line":521,"column":0},"end":{"line":521,"column":44}},"521":{"start":{"line":522,"column":0},"end":{"line":522,"column":51}},"522":{"start":{"line":523,"column":0},"end":{"line":523,"column":68}},"523":{"start":{"line":524,"column":0},"end":{"line":524,"column":65}},"524":{"start":{"line":525,"column":0},"end":{"line":525,"column":45}},"525":{"start":{"line":526,"column":0},"end":{"line":526,"column":102}},"526":{"start":{"line":527,"column":0},"end":{"line":527,"column":43}},"527":{"start":{"line":528,"column":0},"end":{"line":528,"column":51}},"528":{"start":{"line":529,"column":0},"end":{"line":529,"column":53}},"529":{"start":{"line":530,"column":0},"end":{"line":530,"column":74}},"530":{"start":{"line":531,"column":0},"end":{"line":531,"column":61}},"531":{"start":{"line":532,"column":0},"end":{"line":532,"column":61}},"532":{"start":{"line":533,"column":0},"end":{"line":533,"column":66}},"533":{"start":{"line":534,"column":0},"end":{"line":534,"column":67}},"534":{"start":{"line":535,"column":0},"end":{"line":535,"column":70}},"535":{"start":{"line":536,"column":0},"end":{"line":536,"column":70}},"536":{"start":{"line":537,"column":0},"end":{"line":537,"column":64}},"537":{"start":{"line":538,"column":0},"end":{"line":538,"column":64}},"538":{"start":{"line":539,"column":0},"end":{"line":539,"column":64}},"539":{"start":{"line":540,"column":0},"end":{"line":540,"column":68}},"540":{"start":{"line":541,"column":0},"end":{"line":541,"column":47}},"541":{"start":{"line":542,"column":0},"end":{"line":542,"column":59}},"542":{"start":{"line":543,"column":0},"end":{"line":543,"column":45}},"543":{"start":{"line":544,"column":0},"end":{"line":544,"column":61}},"544":{"start":{"line":545,"column":0},"end":{"line":545,"column":56}},"545":{"start":{"line":546,"column":0},"end":{"line":546,"column":43}},"546":{"start":{"line":547,"column":0},"end":{"line":547,"column":45}},"547":{"start":{"line":548,"column":0},"end":{"line":548,"column":43}},"548":{"start":{"line":549,"column":0},"end":{"line":549,"column":42}},"549":{"start":{"line":550,"column":0},"end":{"line":550,"column":44}},"550":{"start":{"line":551,"column":0},"end":{"line":551,"column":45}},"551":{"start":{"line":552,"column":0},"end":{"line":552,"column":106}},"552":{"start":{"line":553,"column":0},"end":{"line":553,"column":46}},"553":{"start":{"line":554,"column":0},"end":{"line":554,"column":86}},"554":{"start":{"line":555,"column":0},"end":{"line":555,"column":68}},"555":{"start":{"line":556,"column":0},"end":{"line":556,"column":76}},"556":{"start":{"line":557,"column":0},"end":{"line":557,"column":51}},"557":{"start":{"line":558,"column":0},"end":{"line":558,"column":46}},"558":{"start":{"line":559,"column":0},"end":{"line":559,"column":45}},"559":{"start":{"line":560,"column":0},"end":{"line":560,"column":43}},"560":{"start":{"line":561,"column":0},"end":{"line":561,"column":44}},"561":{"start":{"line":562,"column":0},"end":{"line":562,"column":68}},"562":{"start":{"line":563,"column":0},"end":{"line":563,"column":45}},"563":{"start":{"line":564,"column":0},"end":{"line":564,"column":44}},"564":{"start":{"line":565,"column":0},"end":{"line":565,"column":45}},"565":{"start":{"line":566,"column":0},"end":{"line":566,"column":55}},"566":{"start":{"line":567,"column":0},"end":{"line":567,"column":55}},"567":{"start":{"line":568,"column":0},"end":{"line":568,"column":61}},"568":{"start":{"line":569,"column":0},"end":{"line":569,"column":48}},"569":{"start":{"line":570,"column":0},"end":{"line":570,"column":45}},"570":{"start":{"line":571,"column":0},"end":{"line":571,"column":46}},"571":{"start":{"line":572,"column":0},"end":{"line":572,"column":44}},"572":{"start":{"line":573,"column":0},"end":{"line":573,"column":39}},"573":{"start":{"line":574,"column":0},"end":{"line":574,"column":37}},"574":{"start":{"line":575,"column":0},"end":{"line":575,"column":36}},"575":{"start":{"line":576,"column":0},"end":{"line":576,"column":43}},"576":{"start":{"line":577,"column":0},"end":{"line":577,"column":37}},"577":{"start":{"line":578,"column":0},"end":{"line":578,"column":36}},"578":{"start":{"line":579,"column":0},"end":{"line":579,"column":73}},"579":{"start":{"line":580,"column":0},"end":{"line":580,"column":37}},"580":{"start":{"line":581,"column":0},"end":{"line":581,"column":38}},"581":{"start":{"line":582,"column":0},"end":{"line":582,"column":33}},"582":{"start":{"line":583,"column":0},"end":{"line":583,"column":66}},"583":{"start":{"line":584,"column":0},"end":{"line":584,"column":31}},"584":{"start":{"line":585,"column":0},"end":{"line":585,"column":32}},"585":{"start":{"line":586,"column":0},"end":{"line":586,"column":27}},"586":{"start":{"line":587,"column":0},"end":{"line":587,"column":25}},"587":{"start":{"line":588,"column":0},"end":{"line":588,"column":26}},"588":{"start":{"line":589,"column":0},"end":{"line":589,"column":24}},"589":{"start":{"line":590,"column":0},"end":{"line":590,"column":47}},"590":{"start":{"line":591,"column":0},"end":{"line":591,"column":35}},"591":{"start":{"line":592,"column":0},"end":{"line":592,"column":35}},"592":{"start":{"line":593,"column":0},"end":{"line":593,"column":30}},"593":{"start":{"line":594,"column":0},"end":{"line":594,"column":32}},"594":{"start":{"line":595,"column":0},"end":{"line":595,"column":19}},"595":{"start":{"line":596,"column":0},"end":{"line":596,"column":27}},"596":{"start":{"line":597,"column":0},"end":{"line":597,"column":26}},"597":{"start":{"line":598,"column":0},"end":{"line":598,"column":79}},"598":{"start":{"line":599,"column":0},"end":{"line":599,"column":27}},"599":{"start":{"line":600,"column":0},"end":{"line":600,"column":26}},"600":{"start":{"line":601,"column":0},"end":{"line":601,"column":28}},"601":{"start":{"line":602,"column":0},"end":{"line":602,"column":32}},"602":{"start":{"line":603,"column":0},"end":{"line":603,"column":43}},"603":{"start":{"line":604,"column":0},"end":{"line":604,"column":43}},"604":{"start":{"line":605,"column":0},"end":{"line":605,"column":38}},"605":{"start":{"line":606,"column":0},"end":{"line":606,"column":40}},"606":{"start":{"line":607,"column":0},"end":{"line":607,"column":27}},"607":{"start":{"line":608,"column":0},"end":{"line":608,"column":35}},"608":{"start":{"line":609,"column":0},"end":{"line":609,"column":34}},"609":{"start":{"line":610,"column":0},"end":{"line":610,"column":52}},"610":{"start":{"line":611,"column":0},"end":{"line":611,"column":36}},"611":{"start":{"line":612,"column":0},"end":{"line":612,"column":40}},"612":{"start":{"line":613,"column":0},"end":{"line":613,"column":51}},"613":{"start":{"line":614,"column":0},"end":{"line":614,"column":51}},"614":{"start":{"line":615,"column":0},"end":{"line":615,"column":46}},"615":{"start":{"line":616,"column":0},"end":{"line":616,"column":48}},"616":{"start":{"line":617,"column":0},"end":{"line":617,"column":35}},"617":{"start":{"line":618,"column":0},"end":{"line":618,"column":43}},"618":{"start":{"line":619,"column":0},"end":{"line":619,"column":42}},"619":{"start":{"line":620,"column":0},"end":{"line":620,"column":44}},"620":{"start":{"line":621,"column":0},"end":{"line":621,"column":45}},"621":{"start":{"line":622,"column":0},"end":{"line":622,"column":46}},"622":{"start":{"line":623,"column":0},"end":{"line":623,"column":80}},"623":{"start":{"line":624,"column":0},"end":{"line":624,"column":53}},"624":{"start":{"line":625,"column":0},"end":{"line":625,"column":60}},"625":{"start":{"line":626,"column":0},"end":{"line":626,"column":70}},"626":{"start":{"line":627,"column":0},"end":{"line":627,"column":47}},"627":{"start":{"line":628,"column":0},"end":{"line":628,"column":68}},"628":{"start":{"line":629,"column":0},"end":{"line":629,"column":45}},"629":{"start":{"line":630,"column":0},"end":{"line":630,"column":46}},"630":{"start":{"line":631,"column":0},"end":{"line":631,"column":45}},"631":{"start":{"line":632,"column":0},"end":{"line":632,"column":43}},"632":{"start":{"line":633,"column":0},"end":{"line":633,"column":42}},"633":{"start":{"line":634,"column":0},"end":{"line":634,"column":61}},"634":{"start":{"line":635,"column":0},"end":{"line":635,"column":43}},"635":{"start":{"line":636,"column":0},"end":{"line":636,"column":42}},"636":{"start":{"line":637,"column":0},"end":{"line":637,"column":44}},"637":{"start":{"line":638,"column":0},"end":{"line":638,"column":65}},"638":{"start":{"line":639,"column":0},"end":{"line":639,"column":105}},"639":{"start":{"line":640,"column":0},"end":{"line":640,"column":98}},"640":{"start":{"line":641,"column":0},"end":{"line":641,"column":78}},"641":{"start":{"line":642,"column":0},"end":{"line":642,"column":102}},"642":{"start":{"line":643,"column":0},"end":{"line":643,"column":46}},"643":{"start":{"line":644,"column":0},"end":{"line":644,"column":86}},"644":{"start":{"line":645,"column":0},"end":{"line":645,"column":53}},"645":{"start":{"line":646,"column":0},"end":{"line":646,"column":60}},"646":{"start":{"line":647,"column":0},"end":{"line":647,"column":70}},"647":{"start":{"line":648,"column":0},"end":{"line":648,"column":47}},"648":{"start":{"line":649,"column":0},"end":{"line":649,"column":76}},"649":{"start":{"line":650,"column":0},"end":{"line":650,"column":46}},"650":{"start":{"line":651,"column":0},"end":{"line":651,"column":46}},"651":{"start":{"line":652,"column":0},"end":{"line":652,"column":45}},"652":{"start":{"line":653,"column":0},"end":{"line":653,"column":43}},"653":{"start":{"line":654,"column":0},"end":{"line":654,"column":42}},"654":{"start":{"line":655,"column":0},"end":{"line":655,"column":61}},"655":{"start":{"line":656,"column":0},"end":{"line":656,"column":43}},"656":{"start":{"line":657,"column":0},"end":{"line":657,"column":42}},"657":{"start":{"line":658,"column":0},"end":{"line":658,"column":44}},"658":{"start":{"line":659,"column":0},"end":{"line":659,"column":68}},"659":{"start":{"line":660,"column":0},"end":{"line":660,"column":71}},"660":{"start":{"line":661,"column":0},"end":{"line":661,"column":46}},"661":{"start":{"line":662,"column":0},"end":{"line":662,"column":68}},"662":{"start":{"line":663,"column":0},"end":{"line":663,"column":74}},"663":{"start":{"line":664,"column":0},"end":{"line":664,"column":46}},"664":{"start":{"line":665,"column":0},"end":{"line":665,"column":45}},"665":{"start":{"line":666,"column":0},"end":{"line":666,"column":43}},"666":{"start":{"line":667,"column":0},"end":{"line":667,"column":44}},"667":{"start":{"line":668,"column":0},"end":{"line":668,"column":42}},"668":{"start":{"line":669,"column":0},"end":{"line":669,"column":37}},"669":{"start":{"line":670,"column":0},"end":{"line":670,"column":52}},"670":{"start":{"line":671,"column":0},"end":{"line":671,"column":35}},"671":{"start":{"line":672,"column":0},"end":{"line":672,"column":36}},"672":{"start":{"line":673,"column":0},"end":{"line":673,"column":34}},"673":{"start":{"line":674,"column":0},"end":{"line":674,"column":29}},"674":{"start":{"line":675,"column":0},"end":{"line":675,"column":27}},"675":{"start":{"line":676,"column":0},"end":{"line":676,"column":26}},"676":{"start":{"line":677,"column":0},"end":{"line":677,"column":45}},"677":{"start":{"line":678,"column":0},"end":{"line":678,"column":27}},"678":{"start":{"line":679,"column":0},"end":{"line":679,"column":28}},"679":{"start":{"line":680,"column":0},"end":{"line":680,"column":26}},"680":{"start":{"line":681,"column":0},"end":{"line":681,"column":22}},"681":{"start":{"line":682,"column":0},"end":{"line":682,"column":19}},"682":{"start":{"line":683,"column":0},"end":{"line":683,"column":23}},"683":{"start":{"line":684,"column":0},"end":{"line":684,"column":17}},"684":{"start":{"line":685,"column":0},"end":{"line":685,"column":18}},"685":{"start":{"line":686,"column":0},"end":{"line":686,"column":16}},"686":{"start":{"line":687,"column":0},"end":{"line":687,"column":13}},"687":{"start":{"line":688,"column":0},"end":{"line":688,"column":11}},"688":{"start":{"line":689,"column":0},"end":{"line":689,"column":5}},"689":{"start":{"line":690,"column":0},"end":{"line":690,"column":1}},"690":{"start":{"line":691,"column":0},"end":{"line":691,"column":0}},"691":{"start":{"line":692,"column":0},"end":{"line":692,"column":69}},"692":{"start":{"line":693,"column":0},"end":{"line":693,"column":27}},"693":{"start":{"line":694,"column":0},"end":{"line":694,"column":0}},"694":{"start":{"line":695,"column":0},"end":{"line":695,"column":20}},"695":{"start":{"line":696,"column":0},"end":{"line":696,"column":12}},"696":{"start":{"line":697,"column":0},"end":{"line":697,"column":32}},"697":{"start":{"line":698,"column":0},"end":{"line":698,"column":40}},"698":{"start":{"line":699,"column":0},"end":{"line":699,"column":13}},"699":{"start":{"line":700,"column":0},"end":{"line":700,"column":97}},"700":{"start":{"line":701,"column":0},"end":{"line":701,"column":26}},"701":{"start":{"line":702,"column":0},"end":{"line":702,"column":10}},"702":{"start":{"line":703,"column":0},"end":{"line":703,"column":15}},"703":{"start":{"line":704,"column":0},"end":{"line":704,"column":13}},"704":{"start":{"line":705,"column":0},"end":{"line":705,"column":22}},"705":{"start":{"line":706,"column":0},"end":{"line":706,"column":11}},"706":{"start":{"line":707,"column":0},"end":{"line":707,"column":4}},"707":{"start":{"line":708,"column":0},"end":{"line":708,"column":15}},"708":{"start":{"line":709,"column":0},"end":{"line":709,"column":16}},"709":{"start":{"line":710,"column":0},"end":{"line":710,"column":13}},"710":{"start":{"line":711,"column":0},"end":{"line":711,"column":13}},"711":{"start":{"line":712,"column":0},"end":{"line":712,"column":84}},"712":{"start":{"line":713,"column":0},"end":{"line":713,"column":29}},"713":{"start":{"line":714,"column":0},"end":{"line":714,"column":27}},"714":{"start":{"line":715,"column":0},"end":{"line":715,"column":11}},"715":{"start":{"line":716,"column":0},"end":{"line":716,"column":4}},"716":{"start":{"line":717,"column":0},"end":{"line":717,"column":16}},"717":{"start":{"line":718,"column":0},"end":{"line":718,"column":32}},"718":{"start":{"line":719,"column":0},"end":{"line":719,"column":11}},"719":{"start":{"line":720,"column":0},"end":{"line":720,"column":4}},"720":{"start":{"line":721,"column":0},"end":{"line":721,"column":24}},"721":{"start":{"line":722,"column":0},"end":{"line":722,"column":31}},"722":{"start":{"line":723,"column":0},"end":{"line":723,"column":11}},"723":{"start":{"line":724,"column":0},"end":{"line":724,"column":4}},"724":{"start":{"line":725,"column":0},"end":{"line":725,"column":14}},"725":{"start":{"line":726,"column":0},"end":{"line":726,"column":23}},"726":{"start":{"line":727,"column":0},"end":{"line":727,"column":27}},"727":{"start":{"line":728,"column":0},"end":{"line":728,"column":28}},"728":{"start":{"line":729,"column":0},"end":{"line":729,"column":30}},"729":{"start":{"line":730,"column":0},"end":{"line":730,"column":84}},"730":{"start":{"line":731,"column":0},"end":{"line":731,"column":11}},"731":{"start":{"line":732,"column":0},"end":{"line":732,"column":4}},"732":{"start":{"line":733,"column":0},"end":{"line":733,"column":13}},"733":{"start":{"line":734,"column":0},"end":{"line":734,"column":42}},"734":{"start":{"line":735,"column":0},"end":{"line":735,"column":23}},"735":{"start":{"line":736,"column":0},"end":{"line":736,"column":22}},"736":{"start":{"line":737,"column":0},"end":{"line":737,"column":28}},"737":{"start":{"line":738,"column":0},"end":{"line":738,"column":32}},"738":{"start":{"line":739,"column":0},"end":{"line":739,"column":30}},"739":{"start":{"line":740,"column":0},"end":{"line":740,"column":84}},"740":{"start":{"line":741,"column":0},"end":{"line":741,"column":11}},"741":{"start":{"line":742,"column":0},"end":{"line":742,"column":4}},"742":{"start":{"line":743,"column":0},"end":{"line":743,"column":17}},"743":{"start":{"line":744,"column":0},"end":{"line":744,"column":28}},"744":{"start":{"line":745,"column":0},"end":{"line":745,"column":11}},"745":{"start":{"line":746,"column":0},"end":{"line":746,"column":4}},"746":{"start":{"line":747,"column":0},"end":{"line":747,"column":13}},"747":{"start":{"line":748,"column":0},"end":{"line":748,"column":27}},"748":{"start":{"line":749,"column":0},"end":{"line":749,"column":11}},"749":{"start":{"line":750,"column":0},"end":{"line":750,"column":4}},"750":{"start":{"line":751,"column":0},"end":{"line":751,"column":15}},"751":{"start":{"line":752,"column":0},"end":{"line":752,"column":27}},"752":{"start":{"line":753,"column":0},"end":{"line":753,"column":25}},"753":{"start":{"line":754,"column":0},"end":{"line":754,"column":11}},"754":{"start":{"line":755,"column":0},"end":{"line":755,"column":4}},"755":{"start":{"line":756,"column":0},"end":{"line":756,"column":20}},"756":{"start":{"line":757,"column":0},"end":{"line":757,"column":29}},"757":{"start":{"line":758,"column":0},"end":{"line":758,"column":25}},"758":{"start":{"line":759,"column":0},"end":{"line":759,"column":38}},"759":{"start":{"line":760,"column":0},"end":{"line":760,"column":11}},"760":{"start":{"line":761,"column":0},"end":{"line":761,"column":4}},"761":{"start":{"line":762,"column":0},"end":{"line":762,"column":17}},"762":{"start":{"line":763,"column":0},"end":{"line":763,"column":32}},"763":{"start":{"line":764,"column":0},"end":{"line":764,"column":85}},"764":{"start":{"line":765,"column":0},"end":{"line":765,"column":31}},"765":{"start":{"line":766,"column":0},"end":{"line":766,"column":11}},"766":{"start":{"line":767,"column":0},"end":{"line":767,"column":4}},"767":{"start":{"line":768,"column":0},"end":{"line":768,"column":19}},"768":{"start":{"line":769,"column":0},"end":{"line":769,"column":38}},"769":{"start":{"line":770,"column":0},"end":{"line":770,"column":24}},"770":{"start":{"line":771,"column":0},"end":{"line":771,"column":30}},"771":{"start":{"line":772,"column":0},"end":{"line":772,"column":11}},"772":{"start":{"line":773,"column":0},"end":{"line":773,"column":4}},"773":{"start":{"line":774,"column":0},"end":{"line":774,"column":17}},"774":{"start":{"line":775,"column":0},"end":{"line":775,"column":30}},"775":{"start":{"line":776,"column":0},"end":{"line":776,"column":38}},"776":{"start":{"line":777,"column":0},"end":{"line":777,"column":11}},"777":{"start":{"line":778,"column":0},"end":{"line":778,"column":4}},"778":{"start":{"line":779,"column":0},"end":{"line":779,"column":24}},"779":{"start":{"line":780,"column":0},"end":{"line":780,"column":32}},"780":{"start":{"line":781,"column":0},"end":{"line":781,"column":11}},"781":{"start":{"line":782,"column":0},"end":{"line":782,"column":4}},"782":{"start":{"line":783,"column":0},"end":{"line":783,"column":37}},"783":{"start":{"line":784,"column":0},"end":{"line":784,"column":19}},"784":{"start":{"line":785,"column":0},"end":{"line":785,"column":33}},"785":{"start":{"line":786,"column":0},"end":{"line":786,"column":13}},"786":{"start":{"line":787,"column":0},"end":{"line":787,"column":11}},"787":{"start":{"line":788,"column":0},"end":{"line":788,"column":4}},"788":{"start":{"line":789,"column":0},"end":{"line":789,"column":19}},"789":{"start":{"line":790,"column":0},"end":{"line":790,"column":31}},"790":{"start":{"line":791,"column":0},"end":{"line":791,"column":11}},"791":{"start":{"line":792,"column":0},"end":{"line":792,"column":4}},"792":{"start":{"line":793,"column":0},"end":{"line":793,"column":37}},"793":{"start":{"line":794,"column":0},"end":{"line":794,"column":21}},"794":{"start":{"line":795,"column":0},"end":{"line":795,"column":33}},"795":{"start":{"line":796,"column":0},"end":{"line":796,"column":13}},"796":{"start":{"line":797,"column":0},"end":{"line":797,"column":11}},"797":{"start":{"line":798,"column":0},"end":{"line":798,"column":4}},"798":{"start":{"line":799,"column":0},"end":{"line":799,"column":33}},"799":{"start":{"line":800,"column":0},"end":{"line":800,"column":91}},"800":{"start":{"line":801,"column":0},"end":{"line":801,"column":38}},"801":{"start":{"line":802,"column":0},"end":{"line":802,"column":41}},"802":{"start":{"line":803,"column":0},"end":{"line":803,"column":38}},"803":{"start":{"line":804,"column":0},"end":{"line":804,"column":35}},"804":{"start":{"line":805,"column":0},"end":{"line":805,"column":11}},"805":{"start":{"line":806,"column":0},"end":{"line":806,"column":4}},"806":{"start":{"line":807,"column":0},"end":{"line":807,"column":36}},"807":{"start":{"line":808,"column":0},"end":{"line":808,"column":81}},"808":{"start":{"line":809,"column":0},"end":{"line":809,"column":47}},"809":{"start":{"line":810,"column":0},"end":{"line":810,"column":41}},"810":{"start":{"line":811,"column":0},"end":{"line":811,"column":38}},"811":{"start":{"line":812,"column":0},"end":{"line":812,"column":35}},"812":{"start":{"line":813,"column":0},"end":{"line":813,"column":11}},"813":{"start":{"line":814,"column":0},"end":{"line":814,"column":4}},"814":{"start":{"line":815,"column":0},"end":{"line":815,"column":21}},"815":{"start":{"line":816,"column":0},"end":{"line":816,"column":24}},"816":{"start":{"line":817,"column":0},"end":{"line":817,"column":11}},"817":{"start":{"line":818,"column":0},"end":{"line":818,"column":4}},"818":{"start":{"line":819,"column":0},"end":{"line":819,"column":24}},"819":{"start":{"line":820,"column":0},"end":{"line":820,"column":34}},"820":{"start":{"line":821,"column":0},"end":{"line":821,"column":28}},"821":{"start":{"line":822,"column":0},"end":{"line":822,"column":32}},"822":{"start":{"line":823,"column":0},"end":{"line":823,"column":27}},"823":{"start":{"line":824,"column":0},"end":{"line":824,"column":32}},"824":{"start":{"line":825,"column":0},"end":{"line":825,"column":24}},"825":{"start":{"line":826,"column":0},"end":{"line":826,"column":28}},"826":{"start":{"line":827,"column":0},"end":{"line":827,"column":29}},"827":{"start":{"line":828,"column":0},"end":{"line":828,"column":35}},"828":{"start":{"line":829,"column":0},"end":{"line":829,"column":30}},"829":{"start":{"line":830,"
[...]
128,"column":0},"end":{"line":128,"column":75}},"128":{"start":{"line":129,"column":0},"end":{"line":129,"column":52}},"129":{"start":{"line":130,"column":0},"end":{"line":130,"column":46}},"130":{"start":{"line":131,"column":0},"end":{"line":131,"column":96}},"131":{"start":{"line":132,"column":0},"end":{"line":132,"column":24}},"132":{"start":{"line":133,"column":0},"end":{"line":133,"column":37}},"133":{"start":{"line":134,"column":0},"end":{"line":134,"column":49}},"134":{"start":{"line":135,"column":0},"end":{"line":135,"column":43}},"135":{"start":{"line":136,"column":0},"end":{"line":136,"column":71}},"136":{"start":{"line":137,"column":0},"end":{"line":137,"column":38}},"137":{"start":{"line":138,"column":0},"end":{"line":138,"column":18}},"138":{"start":{"line":139,"column":0},"end":{"line":139,"column":13}},"139":{"start":{"line":140,"column":0},"end":{"line":140,"column":10}},"140":{"start":{"line":141,"column":0},"end":{"line":141,"column":43}},"141":{"start":{"line":142,"column":0},"end":{"line":142,"column":21}},"142":{"start":{"line":143,"column":0},"end":{"line":143,"column":27}},"143":{"start":{"line":144,"column":0},"end":{"line":144,"column":36}},"144":{"start":{"line":145,"column":0},"end":{"line":145,"column":5}},"145":{"start":{"line":146,"column":0},"end":{"line":146,"column":2}}},"s":{"0":1,"1":1,"2":1,"3":1,"4":1,"5":1,"6":1,"7":1,"8":1,"9":1,"10":1,"11":1,"12":1,"13":1,"14":1,"15":1,"16":2,"17":2,"18":2,"19":2,"20":2,"21":0,"22":0,"23":2,"24":0,"25":0,"26":0,"27":2,"28":1,"29":1,"30":1,"31":1,"32":1,"33":1,"34":1,"35":1,"36":1,"37":0,"38":0,"39":1,"40":0,"41":0,"42":0,"43":1,"44":1,"45":1,"46":1,"47":1,"48":1,"49":1,"50":1,"51":1,"52":0,"53":0,"54":1,"55":0,"56":0,"57":0,"58":1,"59":1,"60":1,"61":0,"62":0,"63":0,"64":0,"65":0,"66":0,"67":0,"68":0,"69":0,"70":0,"71":0,"72":0,"73":0,"74":0,"75":0,"76":0,"77":0,"78":0,"79":0,"80":0,"81":0,"82":0,"83":0,"84":1,"85":1,"86":0,"87":0,"88":0,"89":0,"90":0,"91":0,"92":0,"93":0,"94":0,"95":0,"96":0,"97":0,"98":0,"99":0,"100":0,"101":1,"102":1,"103":0,"104":0,"105":0,"106":0,"107":0,"108":0,"109":0,"110":0,"111":0,"112":0,"113":0,"114":0,"115":0,"116":0,"117":0,"118":0,"119":1,"120":1,"121":1,"122":0,"123":0,"124":0,"125":0,"126":0,"127":0,"128":0,"129":0,"130":0,"131":0,"132":0,"133":0,"134":0,"135":0,"136":0,"137":0,"138":0,"139":0,"140":0,"141":0,"142":0,"143":0,"144":0,"145":0},"branchMap":{"0":{"type":"branch","line":16,"loc":{"start":{"line":16,"column":23},"end":{"line":28,"column":2}},"locations":[{"start":{"line":16,"column":23},"end":{"line":28,"column":2}}]},"1":{"type":"branch","line":16,"loc":{"start":{"line":16,"column":61},"end":{"line":28,"column":2}},"locations":[{"start":{"line":16,"column":61},"end":{"line":28,"column":2}}]},"2":{"type":"branch","line":21,"loc":{"start":{"line":21,"column":9},"end":{"line":23,"column":9}},"locations":[{"start":{"line":21,"column":9},"end":{"line":23,"column":9}}]},"3":{"type":"branch","line":24,"loc":{"start":{"line":24,"column":6},"end":{"line":27,"column":5}},"locations":[{"start":{"line":24,"column":6},"end":{"line":27,"column":5}}]},"4":{"type":"branch","line":31,"loc":{"start":{"line":31,"column":35},"end":{"line":44,"column":2}},"locations":[{"start":{"line":31,"column":35},"end":{"line":44,"column":2}}]},"5":{"type":"branch","line":31,"loc":{"start":{"line":31,"column":73},"end":{"line":44,"column":2}},"locations":[{"start":{"line":31,"column":73},"end":{"line":44,"column":2}}]},"6":{"type":"branch","line":37,"loc":{"start":{"line":37,"column":9},"end":{"line":39,"column":9}},"locations":[{"start":{"line":37,"column":9},"end":{"line":39,"column":9}}]},"7":{"type":"branch","line":40,"loc":{"start":{"line":40,"column":6},"end":{"line":43,"column":5}},"locations":[{"start":{"line":40,"column":6},"end":{"line":43,"column":5}}]},"8":{"type":"branch","line":46,"loc":{"start":{"line":46,"column":26},"end":{"line":59,"column":2}},"locations":[{"start":{"line":46,"column":26},"end":{"line":59,"column":2}}]},"9":{"type":"branch","line":46,"loc":{"start":{"line":46,"column":64},"end":{"line":59,"column":2}},"locations":[{"start":{"line":46,"column":64},"end":{"line":59,"column":2}}]},"10":{"type":"branch","line":52,"loc":{"start":{"line":52,"column":9},"end":{"line":54,"column":9}},"locations":[{"start":{"line":52,"column":9},"end":{"line":54,"column":9}}]},"11":{"type":"branch","line":55,"loc":{"start":{"line":55,"column":6},"end":{"line":58,"column":5}},"locations":[{"start":{"line":55,"column":6},"end":{"line":58,"column":5}}]}},"b":{"0":[2],"1":[2],"2":[0],"3":[0],"4":[1],"5":[1],"6":[0],"7":[0],"8":[1],"9":[1],"10":[0],"11":[0]},"fnMap":{},"f":{}}
,"D:\\Demo_Day\\demo-day-projects-move\\server\\src\\schemas-joi\\lender.schemajoi.ts": {"path":"D:\\Demo_Day\\demo-day-projects-move\\server\\src\\schemas-joi\\lender.schemajoi.ts","all":false,"statementMap":{"0":{"start":{"line":1,"column":0},"end":{"line":1,"column":22}},"1":{"start":{"line":2,"column":0},"end":{"line":2,"column":0}},"2":{"start":{"line":3,"column":0},"end":{"line":3,"column":33}},"3":{"start":{"line":4,"column":0},"end":{"line":4,"column":48}},"4":{"start":{"line":5,"column":0},"end":{"line":5,"column":57}},"5":{"start":{"line":6,"column":0},"end":{"line":6,"column":40}},"6":{"start":{"line":7,"column":0},"end":{"line":7,"column":43}},"7":{"start":{"line":8,"column":0},"end":{"line":8,"column":40}},"8":{"start":{"line":9,"column":0},"end":{"line":9,"column":39}},"9":{"start":{"line":10,"column":0},"end":{"line":10,"column":2}},"10":{"start":{"line":11,"column":0},"end":{"line":11,"column":0}},"11":{"start":{"line":12,"column":0},"end":{"line":12,"column":28}}},"s":{"0":1,"1":1,"2":1,"3":1,"4":1,"5":1,"6":1,"7":1,"8":1,"9":1,"10":1,"11":1},"branchMap":{},"b":{},"fnMap":{},"f":{}}
,"D:\\Demo_Day\\demo-day-projects-move\\server\\src\\schemas-joi\\user.schemajoi.ts": {"path":"D:\\Demo_Day\\demo-day-projects-move\\server\\src\\schemas-joi\\user.schemajoi.ts","all":false,"statementMap":{"0":{"start":{"line":1,"column":0},"end":{"line":1,"column":22}},"1":{"start":{"line":2,"column":0},"end":{"line":2,"column":0}},"2":{"start":{"line":3,"column":0},"end":{"line":3,"column":31}},"3":{"start":{"line":4,"column":0},"end":{"line":4,"column":45}},"4":{"start":{"line":5,"column":0},"end":{"line":5,"column":47}},"5":{"start":{"line":6,"column":0},"end":{"line":6,"column":46}},"6":{"start":{"line":7,"column":0},"end":{"line":7,"column":41}},"7":{"start":{"line":8,"column":0},"end":{"line":8,"column":44}},"8":{"start":{"line":9,"column":0},"end":{"line":9,"column":40}},"9":{"start":{"line":10,"column":0},"end":{"line":10,"column":31}},"10":{"start":{"line":11,"column":0},"end":{"line":11,"column":2}},"11":{"start":{"line":12,"column":0},"end":{"line":12,"column":0}},"12":{"start":{"line":13,"column":0},"end":{"line":13,"column":26}},"13":{"start":{"line":14,"column":0},"end":{"line":14,"column":0}},"14":{"start":{"line":15,"column":0},"end":{"line":15,"column":44}},"15":{"start":{"line":16,"column":0},"end":{"line":16,"column":45}},"16":{"start":{"line":17,"column":0},"end":{"line":17,"column":47}},"17":{"start":{"line":18,"column":0},"end":{"line":18,"column":46}},"18":{"start":{"line":19,"column":0},"end":{"line":19,"column":41}},"19":{"start":{"line":20,"column":0},"end":{"line":20,"column":44}},"20":{"start":{"line":21,"column":0},"end":{"line":21,"column":40}},"21":{"start":{"line":22,"column":0},"end":{"line":22,"column":31}},"22":{"start":{"line":23,"column":0},"end":{"line":23,"column":2}}},"s":{"0":1,"1":1,"2":1,"3":1,"4":1,"5":1,"6":1,"7":1,"8":1,"9":1,"10":1,"11":1,"12":1,"13":1,"14":1,"15":1,"16":1,"17":1,"18":1,"19":1,"20":1,"21":1,"22":1},"branchMap":{},"b":{},"fnMap":{},"f":{}}
,"D:\\Demo_Day\\demo-day-projects-move\\server\\src\\schemas-joi\\users.schemajoi.ts": {"path":"D:\\Demo_Day\\demo-day-projects-move\\server\\src\\schemas-joi\\users.schemajoi.ts","all":false,"statementMap":{"0":{"start":{"line":1,"column":0},"end":{"line":1,"column":17}},"1":{"start":{"line":2,"column":0},"end":{"line":2,"column":21}},"2":{"start":{"line":3,"column":0},"end":{"line":3,"column":0}},"3":{"start":{"line":4,"column":0},"end":{"line":4,"column":31}},"4":{"start":{"line":5,"column":0},"end":{"line":5,"column":43}},"5":{"start":{"line":6,"column":0},"end":{"line":6,"column":37}},"6":{"start":{"line":7,"column":0},"end":{"line":7,"column":2}},"7":{"start":{"line":8,"column":0},"end":{"line":8,"column":0}},"8":{"start":{"line":9,"column":0},"end":{"line":9,"column":26}}},"s":{"0":1,"1":1,"2":1,"3":1,"4":1,"5":1,"6":1,"7":1,"8":1},"branchMap":{},"b":{},"fnMap":{},"f":{}}
,"D:\\Demo_Day\\demo-day-projects-move\\server\\src\\schemas-joi\\vehicle.schemajoi.ts": {"path":"D:\\Demo_Day\\demo-day-projects-move\\server\\src\\schemas-joi\\vehicle.schemajoi.ts","all":false,"statementMap":{"0":{"start":{"line":1,"column":0},"end":{"line":1,"column":21}},"1":{"start":{"line":2,"column":0},"end":{"line":2,"column":0}},"2":{"start":{"line":3,"column":0},"end":{"line":3,"column":34}},"3":{"start":{"line":4,"column":0},"end":{"line":4,"column":46}},"4":{"start":{"line":5,"column":0},"end":{"line":5,"column":35}},"5":{"start":{"line":6,"column":0},"end":{"line":6,"column":38}},"6":{"start":{"line":7,"column":0},"end":{"line":7,"column":35}},"7":{"start":{"line":8,"column":0},"end":{"line":8,"column":34}},"8":{"start":{"line":9,"column":0},"end":{"line":9,"column":34}},"9":{"start":{"line":10,"column":0},"end":{"line":10,"column":34}},"10":{"start":{"line":11,"column":0},"end":{"line":11,"column":49}},"11":{"start":{"line":12,"column":0},"end":{"line":12,"column":37}},"12":{"start":{"line":13,"column":0},"end":{"line":13,"column":48}},"13":{"start":{"line":14,"column":0},"end":{"line":14,"column":42}},"14":{"start":{"line":15,"column":0},"end":{"line":15,"column":46}},"15":{"start":{"line":16,"column":0},"end":{"line":16,"column":35}},"16":{"start":{"line":17,"column":0},"end":{"line":17,"column":36}},"17":{"start":{"line":18,"column":0},"end":{"line":18,"column":33}},"18":{"start":{"line":19,"column":0},"end":{"line":19,"column":33}},"19":{"start":{"line":20,"column":0},"end":{"line":20,"column":43}},"20":{"start":{"line":21,"column":0},"end":{"line":21,"column":36}},"21":{"start":{"line":22,"column":0},"end":{"line":22,"column":37}},"22":{"start":{"line":23,"column":0},"end":{"line":23,"column":45}},"23":{"start":{"line":24,"column":0},"end":{"line":24,"column":46}},"24":{"start":{"line":25,"column":0},"end":{"line":25,"column":33}},"25":{"start":{"line":26,"column":0},"end":{"line":26,"column":33}},"26":{"start":{"line":27,"column":0},"end":{"line":27,"column":2}},"27":{"start":{"line":28,"column":0},"end":{"line":28,"column":0}},"28":{"start":{"line":29,"column":0},"end":{"line":29,"column":29}}},"s":{"0":1,"1":1,"2":1,"3":1,"4":1,"5":1,"6":1,"7":1,"8":1,"9":1,"10":1,"11":1,"12":1,"13":1,"14":1,"15":1,"16":1,"17":1,"18":1,"19":1,"20":1,"21":1,"22":1,"23":1,"24":1,"25":1,"26":1,"27":1,"28":1},"branchMap":{},"b":{},"fnMap":{},"f":{}}
,"D:\\Demo_Day\\demo-day-projects-move\\server\\src\\services\\database.service.ts": {"path":"D:\\Demo_Day\\demo-day-projects-move\\server\\src\\services\\database.service.ts","all":false,"statementMap":{"0":{"start":{"line":1,"column":0},"end":{"line":1,"column":35}},"1":{"start":{"line":2,"column":0},"end":{"line":2,"column":131}},"2":{"start":{"line":3,"column":0},"end":{"line":3,"column":58}},"3":{"start":{"line":4,"column":0},"end":{"line":4,"column":0}},"4":{"start":{"line":5,"column":0},"end":{"line":5,"column":81}},"5":{"start":{"line":6,"column":0},"end":{"line":6,"column":72}},"6":{"start":{"line":7,"column":0},"end":{"line":7,"column":75}},"7":{"start":{"line":8,"column":0},"end":{"line":8,"column":0}},"8":{"start":{"line":9,"column":0},"end":{"line":9,"column":44}},"9":{"start":{"line":10,"column":0},"end":{"line":10,"column":55}},"10":{"start":{"line":11,"column":0},"end":{"line":11,"column":0}},"11":{"start":{"line":12,"column":0},"end":{"line":12,"column":26}},"12":{"start":{"line":13,"column":0},"end":{"line":13,"column":0}},"13":{"start":{"line":14,"column":0},"end":{"line":14,"column":33}},"14":{"start":{"line":15,"column":0},"end":{"line":15,"column":0}},"15":{"start":{"line":16,"column":0},"end":{"line":16,"column":15}},"16":{"start":{"line":17,"column":0},"end":{"line":17,"column":75}},"17":{"start":{"line":18,"column":0},"end":{"line":18,"column":52}},"18":{"start":{"line":19,"column":0},"end":{"line":19,"column":0}},"19":{"start":{"line":20,"column":0},"end":{"line":20,"column":54}},"20":{"start":{"line":21,"column":0},"end":{"line":21,"column":66}},"21":{"start":{"line":22,"column":0},"end":{"line":22,"column":43}},"22":{"start":{"line":23,"column":0},"end":{"line":23,"column":0}},"23":{"start":{"line":24,"column":0},"end":{"line":24,"column":12}},"24":{"start":{"line":25,"column":0},"end":{"line":25,"column":69}},"25":{"start":{"line":26,"column":0},"end":{"line":26,"column":46}},"26":{"start":{"line":27,"column":0},"end":{"line":27,"column":0}},"27":{"start":{"line":28,"column":0},"end":{"line":28,"column":192}},"28":{"start":{"line":29,"column":0},"end":{"line":29,"column":1}}},"s":{"0":1,"1":1,"2":1,"3":1,"4":1,"5":1,"6":1,"7":1,"8":1,"9":5,"10":5,"11":5,"12":5,"13":5,"14":5,"15":5,"16":5,"17":5,"18":5,"19":5,"20":5,"21":5,"22":5,"23":5,"24":5,"25":5,"26":5,"27":5,"28":5},"branchMap":{"0":{"type":"branch","line":9,"loc":{"start":{"line":9,"column":31},"end":{"line":29,"column":1}},"locations":[{"start":{"line":9,"column":31},"end":{"line":29,"column":1}}]},"1":{"type":"branch","line":9,"loc":{"start":{"line":9,"column":42},"end":{"line":29,"column":1}},"locations":[{"start":{"line":9,"column":42},"end":{"line":29,"column":1}}]}},"b":{"0":[5],"1":[5]},"fnMap":{"0":{"name":"connectDatabase","decl":{"start":{"line":9,"column":31},"end":{"line":29,"column":1}},"loc":{"start":{"line":9,"column":31},"end":{"line":29,"column":1}},"line":9}},"f":{"0":5}}
,"D:\\Demo_Day\\demo-day-projects-move\\server\\src\\utilities\\connect.ts": {"path":"D:\\Demo_Day\\demo-day-projects-move\\server\\src\\utilities\\connect.ts","all":false,"statementMap":{"0":{"start":{"line":1,"column":0},"end":{"line":1,"column":58}},"1":{"start":{"line":2,"column":0},"end":{"line":2,"column":63}},"2":{"start":{"line":3,"column":0},"end":{"line":3,"column":0}},"3":{"start":{"line":4,"column":0},"end":{"line":4,"column":88}},"4":{"start":{"line":5,"column":0},"end":{"line":5,"column":34}},"5":{"start":{"line":6,"column":0},"end":{"line":6,"column":22}},"6":{"start":{"line":7,"column":0},"end":{"line":7,"column":6}},"7":{"start":{"line":8,"column":0},"end":{"line":8,"column":1}}},"s":{"0":1,"1":1,"2":1,"3":1,"4":5,"5":5,"6":5,"7":5},"branchMap":{"0":{"type":"branch","line":4,"loc":{"start":{"line":4,"column":28},"end":{"line":8,"column":1}},"locations":[{"start":{"line":4,"column":28},"end":{"line":8,"column":1}}]},"1":{"type":"branch","line":4,"loc":{"start":{"line":4,"column":86},"end":{"line":8,"column":1}},"locations":[{"start":{"line":4,"column":86},"end":{"line":8,"column":1}}]},"2":{"type":"branch","line":5,"loc":{"start":{"line":5,"column":27},"end":{"line":7,"column":5}},"locations":[{"start":{"line":5,"column":27},"end":{"line":7,"column":5}}]}},"b":{"0":[5],"1":[5],"2":[5]},"fnMap":{"0":{"name":"connectMongo","decl":{"start":{"line":4,"column":28},"end":{"line":8,"column":1}},"loc":{"start":{"line":4,"column":28},"end":{"line":8,"column":1}},"line":4}},"f":{"0":5}}
,"D:\\Demo_Day\\demo-day-projects-move\\server\\src\\utilities\\generateCode.ts": {"path":"D:\\Demo_Day\\demo-day-projects-move\\server\\src\\utilities\\generateCode.ts","all":false,"statementMap":{"0":{"start":{"line":1,"column":0},"end":{"line":1,"column":24}},"1":{"start":{"line":2,"column":0},"end":{"line":2,"column":42}},"2":{"start":{"line":3,"column":0},"end":{"line":3,"column":1}},"3":{"start":{"line":4,"column":0},"end":{"line":4,"column":0}},"4":{"start":{"line":5,"column":0},"end":{"line":5,"column":22}},"5":{"start":{"line":6,"column":0},"end":{"line":6,"column":83}},"6":{"start":{"line":7,"column":0},"end":{"line":7,"column":0}},"7":{"start":{"line":8,"column":0},"end":{"line":8,"column":40}},"8":{"start":{"line":9,"column":0},"end":{"line":9,"column":69}},"9":{"start":{"line":10,"column":0},"end":{"line":10,"column":48}},"10":{"start":{"line":11,"column":0},"end":{"line":11,"column":5}},"11":{"start":{"line":12,"column":0},"end":{"line":12,"column":0}},"12":{"start":{"line":13,"column":0},"end":{"line":13,"column":40}},"13":{"start":{"line":14,"column":0},"end":{"line":14,"column":1}}},"s":{"0":1,"1":0,"2":0,"3":1,"4":1,"5":0,"6":0,"7":0,"8":0,"9":0,"10":0,"11":0,"12":0,"13":0},"branchMap":{},"b":{},"fnMap":{"0":{"name":"aletorio","decl":{"start":{"line":1,"column":17},"end":{"line":3,"column":1}},"loc":{"start":{"line":1,"column":17},"end":{"line":3,"column":1}},"line":1},"1":{"name":"Object.<anonymous>.exports.default","decl":{"start":{"line":5,"column":15},"end":{"line":14,"column":1}},"loc":{"start":{"line":5,"column":15},"end":{"line":14,"column":1}},"line":5}},"f":{"0":0,"1":0}}
,"D:\\Demo_Day\\demo-day-projects-move\\server\\src\\utilities\\sendGrid.ts": {"path":"D:\\Demo_Day\\demo-day-projects-move\\server\\src\\utilities\\sendGrid.ts","all":false,"statementMap":{"0":{"start":{"line":1,"column":0},"end":{"line":1,"column":35}},"1":{"start":{"line":2,"column":0},"end":{"line":2,"column":86}},"2":{"start":{"line":3,"column":0},"end":{"line":3,"column":77}},"3":{"start":{"line":4,"column":0},"end":{"line":4,"column":30}},"4":{"start":{"line":5,"column":0},"end":{"line":5,"column":0}},"5":{"start":{"line":6,"column":0},"end":{"line":6,"column":131}},"6":{"start":{"line":7,"column":0},"end":{"line":7,"column":26}},"7":{"start":{"line":8,"column":0},"end":{"line":8,"column":2}},"8":{"start":{"line":9,"column":0},"end":{"line":9,"column":15}},"9":{"start":{"line":10,"column":0},"end":{"line":10,"column":47}},"10":{"start":{"line":11,"column":0},"end":{"line":11,"column":57}},"11":{"start":{"line":12,"column":0},"end":{"line":12,"column":21}},"12":{"start":{"line":13,"column":0},"end":{"line":13,"column":31}},"13":{"start":{"line":14,"column":0},"end":{"line":14,"column":86}},"14":{"start":{"line":15,"column":0},"end":{"line":15,"column":3}},"15":{"start":{"line":16,"column":0},"end":{"line":16,"column":2}},"16":{"start":{"line":17,"column":0},"end":{"line":17,"column":8}},"17":{"start":{"line":18,"column":0},"end":{"line":18,"column":14}},"18":{"start":{"line":19,"column":0},"end":{"line":19,"column":25}},"19":{"start":{"line":20,"column":0},"end":{"line":20,"column":60}},"20":{"start":{"line":21,"column":0},"end":{"line":21,"column":38}},"21":{"start":{"line":22,"column":0},"end":{"line":22,"column":6}},"22":{"start":{"line":23,"column":0},"end":{"line":23,"column":23}},"23":{"start":{"line":24,"column":0},"end":{"line":24,"column":26}},"24":{"start":{"line":25,"column":0},"end":{"line":25,"column":6}},"25":{"start":{"line":26,"column":0},"end":{"line":26,"column":1}}},"s":{"0":1,"1":1,"2":1,"3":1,"4":1,"5":1,"6":0,"7":0,"8":0,"9":0,"10":0,"11":0,"12":0,"13":0,"14":0,"15":0,"16":0,"17":0,"18":0,"19":0,"20":0,"21":0,"22":0,"23":0,"24":0,"25":0},"branchMap":{},"b":{},"fnMap":{"0":{"name":"Object.<anonymous>.exports.default","decl":{"start":{"line":6,"column":15},"end":{"line":26,"column":1}},"loc":{"start":{"line":6,"column":15},"end":{"line":26,"column":1}},"line":6}},"f":{"0":0}}
,"D:\\Demo_Day\\demo-day-projects-move\\server\\src\\utilities\\validator.ts": {"path":"D:\\Demo_Day\\demo-day-projects-move\\server\\src\\utilities\\validator.ts","all":false,"statementMap":{"0":{"start":{"line":1,"column":0},"end":{"line":1,"column":56}},"1":{"start":{"line":2,"column":0},"end":{"line":2,"column":0}},"2":{"start":{"line":3,"column":0},"end":{"line":3,"column":36}},"3":{"start":{"line":4,"column":0},"end":{"line":4,"column":0}},"4":{"start":{"line":5,"column":0},"end":{"line":5,"column":25}}},"s":{"0":1,"1":1,"2":1,"3":1,"4":1},"branchMap":{},"b":{},"fnMap":{},"f":{}}
}
